/home/zhangdaoguang/anaconda3/envs/pytorch/lib/python3.10/site-packages/numpy/_core/fromnumeric.py:3860: RuntimeWarning: Mean of empty slice.
  return _methods._mean(a, axis=axis, dtype=dtype,
/home/zhangdaoguang/anaconda3/envs/pytorch/lib/python3.10/site-packages/numpy/_core/_methods.py:145: RuntimeWarning: invalid value encountered in scalar divide
  ret = ret.dtype.type(ret / rcount)
/home/zhangdaoguang/anaconda3/envs/pytorch/lib/python3.10/site-packages/torch/optim/lr_scheduler.py:227: UserWarning: Detected call of `lr_scheduler.step()` before `optimizer.step()`. In PyTorch 1.1.0 and later, you should call them in the opposite order: `optimizer.step()` before `lr_scheduler.step()`.  Failure to do this will result in PyTorch skipping the first value of the learning rate schedule. See more details at https://pytorch.org/docs/stable/optim.html#how-to-adjust-learning-rate
  warnings.warn(
/home/zhangdaoguang/anaconda3/envs/pytorch/lib/python3.10/site-packages/torch/functional.py:539: UserWarning: torch.meshgrid: in an upcoming release, it will be required to pass the indexing argument. (Triggered internally at /pytorch/aten/src/ATen/native/TensorShape.cpp:3637.)
  return _VF.meshgrid(tensors, **kwargs)  # type: ignore[attr-defined]
*******************************************
           START TRAINING Pi_DeepONet      
*******************************************
使用GPU: NVIDIA GeForce RTX 4090
External dataset [marmousi_] ready: vel_shape torch.Size([1, 1, 72, 72])
cuda:3
3
模型总参数数量：28314344
迭代 0/10001, 总损失: 50.027829, PDE损失: 1.0, 数据损失: 1.0, LR: 1.09e-05
============================================================
模型预测性能指标汇总：valid_without_fine_tune
============================================================

【实部】
MSE: 1.021907
MAE: 7.250729
R²:  -0.044296

【虚部】
MSE: 0.994929
MAE: 7.142419
R²:  0.010032
============================================================
模型预测性能指标汇总：train
============================================================

【实部】
MSE: 1.022470
MAE: 6.320028
R²:  -0.045449

【虚部】
MSE: 0.991454
MAE: 6.138152
R²:  0.016783
============================================================
模型预测性能指标汇总：Marmousi
============================================================

【实部】
MSE: 1.028730
MAE: 4.470855
R²:  -0.058337

【虚部】
MSE: 0.997065
MAE: 4.263209
R²:  0.005813
总损失: 2
PDE损失: 1.0
数据损失: 1.0
迭代 1/10001, 总损失: 0.834431, PDE损失: 0.6821847856044769, 数据损失: 0.9866762485887323, LR: 1e-05
迭代 2/10001, 总损失: 0.800157, PDE损失: 0.652704161724874, 数据损失: 0.9476090499332973, LR: 1.09e-05
迭代 3/10001, 总损失: 0.768224, PDE损失: 0.6230700625372785, 数据损失: 0.9133785045927479, LR: 1.18e-05
迭代 4/10001, 总损失: 0.722620, PDE损失: 0.5788783342355773, 数据损失: 0.8663616790657952, LR: 1.27e-05
迭代 5/10001, 总损失: 0.654846, PDE损失: 0.497511974314139, 数据损失: 0.8121796257439113, LR: 1.3600000000000002e-05
迭代 6/10001, 总损失: 0.562999, PDE损失: 0.395640039639104, 数据损失: 0.7303575506167752, LR: 1.45e-05
迭代 7/10001, 总损失: 0.501935, PDE损失: 0.3239914321207574, 数据损失: 0.6798787289077327, LR: 1.54e-05
迭代 8/10001, 总损失: 0.439611, PDE损失: 0.2421454285227117, 数据损失: 0.6370770002582243, LR: 1.6300000000000003e-05
迭代 9/10001, 总损失: 0.404264, PDE损失: 0.2045466206923482, 数据损失: 0.6039814681169533, LR: 1.72e-05
迭代 10/10001, 总损失: 0.369129, PDE损失: 0.15973142980198776, 数据损失: 0.5785268218744368, LR: 1.81e-05
迭代 11/10001, 总损失: 0.410134, PDE损失: 0.22970046080826295, 数据损失: 0.5905682694699083, LR: 1.9e-05
迭代 12/10001, 总损失: 0.343555, PDE损失: 0.1267390766713236, 数据损失: 0.5603702265237059, LR: 1.9900000000000003e-05
迭代 13/10001, 总损失: 0.341351, PDE损失: 0.13170254682855947, 数据损失: 0.5509997765045791, LR: 2.08e-05
迭代 14/10001, 总损失: 0.320965, PDE损失: 0.1026901536222015, 数据损失: 0.5392400476904142, LR: 2.1700000000000002e-05
迭代 15/10001, 总损失: 0.315338, PDE损失: 0.10069344812516301, 数据损失: 0.5299822877028159, LR: 2.26e-05
迭代 16/10001, 总损失: 0.353369, PDE损失: 0.14169667022568838, 数据损失: 0.5650414619594812, LR: 2.3500000000000002e-05
迭代 17/10001, 总损失: 0.299321, PDE损失: 0.08740575588308275, 数据损失: 0.5112360035557122, LR: 2.4400000000000004e-05
迭代 18/10001, 总损失: 0.289053, PDE损失: 0.0758815370389216, 数据损失: 0.5022240299731493, LR: 2.5300000000000005e-05
迭代 19/10001, 总损失: 0.287922, PDE损失: 0.08316096713367317, 数据损失: 0.49268284032032605, LR: 2.62e-05
迭代 20/10001, 总损失: 0.278134, PDE损失: 0.0730370949798574, 数据损失: 0.48323137703396024, LR: 2.71e-05
迭代 21/10001, 总损失: 0.275017, PDE损失: 0.07541075576141122, 数据损失: 0.4746227173932961, LR: 2.8000000000000003e-05
迭代 22/10001, 总损失: 0.264388, PDE损失: 0.06219104662471052, 数据损失: 0.4665843824013358, LR: 2.8900000000000005e-05
迭代 23/10001, 总损失: 0.264523, PDE损失: 0.07193047839349934, 数据损失: 0.45711650362326983, LR: 2.98e-05
迭代 24/10001, 总损失: 0.259783, PDE损失: 0.06660064462838429, 数据损失: 0.4529657767464717, LR: 3.07e-05
迭代 25/10001, 总损失: 0.252003, PDE损失: 0.06648448274825655, 数据损失: 0.4375206036049695, LR: 3.16e-05
迭代 26/10001, 总损失: 0.255928, PDE损失: 0.06896718624713165, 数据损失: 0.44288972126586096, LR: 3.2500000000000004e-05
迭代 27/10001, 总损失: 0.244704, PDE损失: 0.06536456629899996, 数据损失: 0.42404263981041457, LR: 3.3400000000000005e-05
迭代 28/10001, 总损失: 0.234536, PDE损失: 0.05315738899766335, 数据损失: 0.4159154782869986, LR: 3.430000000000001e-05
迭代 29/10001, 总损失: 0.235862, PDE损失: 0.06312863284810669, 数据损失: 0.4085950486894165, LR: 3.52e-05
迭代 30/10001, 总损失: 0.229926, PDE损失: 0.058725245319129454, 数据损失: 0.40112754702568054, LR: 3.61e-05
迭代 31/10001, 总损失: 0.225421, PDE损失: 0.056778128896396426, 数据损失: 0.3940635352794613, LR: 3.7000000000000005e-05
迭代 32/10001, 总损失: 0.223940, PDE损失: 0.05578504322606716, 数据损失: 0.39209477195427533, LR: 3.79e-05
迭代 33/10001, 总损失: 0.218245, PDE损失: 0.05471197909320749, 数据损失: 0.38177789100224063, LR: 3.88e-05
迭代 34/10001, 总损失: 0.212005, PDE损失: 0.04851040336126018, 数据损失: 0.3755005293836196, LR: 3.97e-05
迭代 35/10001, 总损失: 0.211207, PDE损失: 0.05229569635065716, 数据损失: 0.3701185222182955, LR: 4.0600000000000004e-05
迭代 36/10001, 总损失: 0.209600, PDE损失: 0.04887350814949189, 数据损失: 0.3703256395778486, LR: 4.15e-05
迭代 37/10001, 总损失: 0.210218, PDE损失: 0.0554514495001751, 数据损失: 0.3649853930054676, LR: 4.24e-05
迭代 38/10001, 总损失: 0.201678, PDE损失: 0.043569658655628916, 数据损失: 0.35978714811305207, LR: 4.33e-05
迭代 39/10001, 总损失: 0.245764, PDE损失: 0.10106090124186483, 数据损失: 0.3904679872627769, LR: 4.4200000000000004e-05
迭代 40/10001, 总损失: 0.196464, PDE损失: 0.03993370512589103, 数据损失: 0.3529934468900874, LR: 4.5100000000000005e-05
迭代 41/10001, 总损失: 0.193702, PDE损失: 0.04179634489229925, 数据损失: 0.3456069827966747, LR: 4.6e-05
迭代 42/10001, 总损失: 0.190598, PDE损失: 0.03587902635003307, 数据损失: 0.34531626548795474, LR: 4.69e-05
迭代 43/10001, 总损失: 0.202097, PDE损失: 0.05978832883937728, 数据损失: 0.3444046771952084, LR: 4.78e-05
迭代 44/10001, 总损失: 0.186523, PDE损失: 0.0359731128361697, 数据损失: 0.3370734653657391, LR: 4.87e-05
迭代 45/10001, 总损失: 0.184175, PDE损失: 0.0385335640638091, 数据损失: 0.32981711546225206, LR: 4.96e-05
迭代 46/10001, 总损失: 0.182235, PDE损失: 0.035478378884449956, 数据损失: 0.3289925991779282, LR: 5.05e-05
迭代 47/10001, 总损失: 0.204476, PDE损失: 0.07229057567504545, 数据损失: 0.336660928225943, LR: 5.14e-05
迭代 48/10001, 总损失: 0.178970, PDE损失: 0.03404628278665422, 数据损失: 0.32389290825951667, LR: 5.23e-05
迭代 49/10001, 总损失: 0.172012, PDE损失: 0.03484797163400799, 数据损失: 0.3091763066393988, LR: 5.32e-05
迭代 50/10001, 总损失: 0.173140, PDE损失: 0.03789323516234401, 数据损失: 0.3083859904713574, LR: 5.41e-05
============================================================
模型预测性能指标汇总：valid_without_fine_tune
============================================================

【实部】
MSE: 0.451315
MAE: 3.659549
R²:  0.796315

【虚部】
MSE: 0.464041
MAE: 3.761218
R²:  0.784648
============================================================
模型预测性能指标汇总：train
============================================================

【实部】
MSE: 0.613007
MAE: 4.214675
R²:  0.624221

【虚部】
MSE: 0.611187
MAE: 4.200486
R²:  0.626361
============================================================
模型预测性能指标汇总：Marmousi
============================================================

【实部】
MSE: 0.945832
MAE: 4.653813
R²:  0.105357

【虚部】
MSE: 0.934337
MAE: 4.577950
R²:  0.126972
迭代 51/10001, 总损失: 0.168251, PDE损失: 0.03870321101775127, 数据损失: 0.2977989884536891, LR: 5.5e-05
迭代 52/10001, 总损失: 0.162092, PDE损失: 0.030524003568903675, 数据损失: 0.2936601519939445, LR: 5.5900000000000004e-05
迭代 53/10001, 总损失: 0.160965, PDE损失: 0.03629485728950905, 数据损失: 0.2856347033576596, LR: 5.6800000000000005e-05
迭代 54/10001, 总损失: 0.157891, PDE损失: 0.03260055444912896, 数据损失: 0.2831816757984814, LR: 5.7700000000000007e-05
迭代 55/10001, 总损失: 0.153005, PDE损失: 0.03309983062735271, 数据损失: 0.272909831166977, LR: 5.860000000000001e-05
迭代 56/10001, 总损失: 0.152391, PDE损失: 0.03231991882923813, 数据损失: 0.272462534496472, LR: 5.95e-05
迭代 57/10001, 总损失: 0.150104, PDE损失: 0.03717147224094896, 数据损失: 0.26303658505813, LR: 6.0400000000000004e-05
迭代 58/10001, 总损失: 0.154721, PDE损失: 0.04057239736097732, 数据损失: 0.26886877235734746, LR: 6.13e-05
迭代 59/10001, 总损失: 0.143935, PDE损失: 0.03376887733161095, 数据损失: 0.25410160196146797, LR: 6.220000000000001e-05
迭代 60/10001, 总损失: 0.142170, PDE损失: 0.029587286197403, 数据损失: 0.25475334668798105, LR: 6.31e-05
迭代 61/10001, 总损失: 0.139289, PDE损失: 0.033716537086071356, 数据损失: 0.2448611133953645, LR: 6.400000000000001e-05
迭代 62/10001, 总损失: 0.135330, PDE损失: 0.03192978715967564, 数据损失: 0.23873064675856204, LR: 6.49e-05
迭代 63/10001, 总损失: 0.134535, PDE损失: 0.03396312261576809, 数据损失: 0.23510662976297594, LR: 6.58e-05
迭代 64/10001, 总损失: 0.130693, PDE损失: 0.029031928096498762, 数据损失: 0.2323537724358695, LR: 6.670000000000001e-05
迭代 65/10001, 总损失: 0.130023, PDE损失: 0.03418576693539286, 数据损失: 0.22585995207052856, LR: 6.76e-05
迭代 66/10001, 总损失: 0.127895, PDE损失: 0.034138752214078395, 数据损失: 0.2216515235957645, LR: 6.850000000000001e-05
迭代 67/10001, 总损失: 0.125697, PDE损失: 0.03406720656702029, 数据损失: 0.2173260072955773, LR: 6.94e-05
迭代 68/10001, 总损失: 0.122124, PDE损失: 0.03006628275449787, 数据损失: 0.21418249571607226, LR: 7.030000000000001e-05
迭代 69/10001, 总损失: 0.118911, PDE损失: 0.03100914571855572, 数据损失: 0.20681315514125995, LR: 7.120000000000001e-05
迭代 70/10001, 总损失: 0.122344, PDE损失: 0.03400600598459797, 数据损失: 0.21068237203040294, LR: 7.21e-05
迭代 71/10001, 总损失: 0.115176, PDE损失: 0.030872692487069538, 数据损失: 0.1994789599307946, LR: 7.3e-05
迭代 72/10001, 总损失: 0.115196, PDE损失: 0.029099118092008644, 数据损失: 0.201292302370781, LR: 7.39e-05
迭代 73/10001, 总损失: 0.111658, PDE损失: 0.031553824293604565, 数据损失: 0.19176267779299191, LR: 7.48e-05
迭代 74/10001, 总损失: 0.113091, PDE损失: 0.031789618311449885, 数据损失: 0.19439337584411814, LR: 7.57e-05
迭代 75/10001, 总损失: 0.106006, PDE损失: 0.02927787428433519, 数据损失: 0.1827338785820064, LR: 7.66e-05
迭代 76/10001, 总损失: 0.108266, PDE损失: 0.032440424092956596, 数据损失: 0.1840908999244372, LR: 7.75e-05
迭代 77/10001, 总损失: 0.103989, PDE损失: 0.03111128907074176, 数据损失: 0.17686709575355053, LR: 7.840000000000001e-05
迭代 78/10001, 总损失: 0.101673, PDE损失: 0.027737452354769977, 数据损失: 0.17560766180533738, LR: 7.93e-05
迭代 79/10001, 总损失: 0.098457, PDE损失: 0.028289901962991627, 数据损失: 0.16862494751278842, LR: 8.020000000000001e-05
迭代 80/10001, 总损失: 0.099671, PDE损失: 0.027704055986500213, 数据损失: 0.17163808244679654, LR: 8.11e-05
迭代 81/10001, 总损失: 0.095271, PDE损失: 0.0287836650663632, 数据损失: 0.16175782543030523, LR: 8.2e-05
迭代 82/10001, 总损失: 0.093286, PDE损失: 0.02636826799495057, 数据损失: 0.16020378013629288, LR: 8.290000000000001e-05
迭代 83/10001, 总损失: 0.091355, PDE损失: 0.027803614785495614, 数据损失: 0.15490650917802537, LR: 8.38e-05
迭代 84/10001, 总损失: 0.092790, PDE损失: 0.028476445968928083, 数据损失: 0.1571035539465291, LR: 8.47e-05
迭代 85/10001, 总损失: 0.088228, PDE损失: 0.02794941811312345, 数据损失: 0.14850608432399376, LR: 8.560000000000001e-05
迭代 86/10001, 总损失: 0.090268, PDE损失: 0.03167037790020307, 数据损失: 0.14886503985949925, LR: 8.65e-05
迭代 87/10001, 总损失: 0.085027, PDE损失: 0.02830606253285493, 数据损失: 0.14174834490265875, LR: 8.74e-05
迭代 88/10001, 总损失: 0.084359, PDE损失: 0.02410074550702813, 数据损失: 0.1446169200575068, LR: 8.83e-05
迭代 89/10001, 总损失: 0.080253, PDE损失: 0.026770839495362624, 数据损失: 0.13373509151417584, LR: 8.92e-05
迭代 90/10001, 总损失: 0.083720, PDE损失: 0.0270458644400129, 数据损失: 0.14039436333058847, LR: 9.010000000000001e-05
迭代 91/10001, 总损失: 0.077235, PDE损失: 0.02658462303224951, 数据损失: 0.12788497264097845, LR: 9.1e-05
迭代 92/10001, 总损失: 0.085623, PDE损失: 0.043032850471458266, 数据损失: 0.1282122677768625, LR: 9.190000000000001e-05
迭代 93/10001, 总损失: 0.073406, PDE损失: 0.026361024841511, 数据损失: 0.12045149695837781, LR: 9.28e-05
迭代 94/10001, 总损失: 0.073397, PDE损失: 0.024742872149328746, 数据损失: 0.12205110199838168, LR: 9.370000000000001e-05
迭代 95/10001, 总损失: 0.069629, PDE损失: 0.02594252242817588, 数据损失: 0.1133146269379982, LR: 9.46e-05
迭代 96/10001, 总损失: 0.070999, PDE损失: 0.02777174443361305, 数据损失: 0.11422666716611102, LR: 9.55e-05
迭代 97/10001, 总损失: 0.064854, PDE损失: 0.023489681976137773, 数据损失: 0.10621784563131985, LR: 9.64e-05
迭代 98/10001, 总损失: 0.068264, PDE损失: 0.027749346746575265, 数据损失: 0.10877901741436549, LR: 9.730000000000001e-05
迭代 99/10001, 总损失: 0.061961, PDE损失: 0.02342611211462922, 数据损失: 0.1004961529258816, LR: 9.82e-05
迭代 100/10001, 总损失: 0.065877, PDE损失: 0.02877260310508843, 数据损失: 0.10298180788578022, LR: 9.910000000000001e-05
============================================================
模型预测性能指标汇总：valid_without_fine_tune
============================================================

【实部】
MSE: 0.295205
MAE: 2.304522
R²:  0.912854

【虚部】
MSE: 0.284225
MAE: 2.251024
R²:  0.919209
============================================================
模型预测性能指标汇总：train
============================================================

【实部】
MSE: 0.279612
MAE: 1.772844
R²:  0.921817

【虚部】
MSE: 0.294389
MAE: 1.899764
R²:  0.913314
============================================================
模型预测性能指标汇总：Marmousi
============================================================

【实部】
MSE: 0.497942
MAE: 2.371958
R²:  0.752042

【虚部】
MSE: 0.484408
MAE: 2.340008
R²:  0.765337
迭代 101/10001, 总损失: 0.059493, PDE损失: 0.023707881289911234, 数据损失: 0.09527810762769409, LR: 0.0001
迭代 102/10001, 总损失: 0.059053, PDE损失: 0.02313828689234686, 数据损失: 0.09496853697956317, LR: 0.0001
迭代 103/10001, 总损失: 0.055330, PDE损失: 0.020801264327019453, 数据损失: 0.08985891088932044, LR: 0.0001
迭代 104/10001, 总损失: 0.058966, PDE损失: 0.022758364566557464, 数据损失: 0.09517289578382458, LR: 0.0001
迭代 105/10001, 总损失: 0.054318, PDE损失: 0.021773576753080955, 数据损失: 0.08686312146130062, LR: 0.0001
迭代 106/10001, 总损失: 0.056131, PDE损失: 0.019730908591078504, 数据损失: 0.09253083471031416, LR: 0.0001
迭代 107/10001, 总损失: 0.050090, PDE损失: 0.01849602852182995, 数据损失: 0.08168336203587907, LR: 0.0001
迭代 108/10001, 总损失: 0.051635, PDE损失: 0.017896925318165727, 数据损失: 0.0853727929781945, LR: 0.0001
迭代 109/10001, 总损失: 0.049558, PDE损失: 0.019523227013581033, 数据损失: 0.07959251114655108, LR: 0.0001
迭代 110/10001, 总损失: 0.049376, PDE损失: 0.018316878302444127, 数据损失: 0.08043577516495827, LR: 0.0001
迭代 111/10001, 总损失: 0.046281, PDE损失: 0.017391319608404524, 数据损失: 0.0751702117711483, LR: 0.0001
迭代 112/10001, 总损失: 0.047660, PDE损失: 0.016711260832380503, 数据损失: 0.07860878469156367, LR: 0.0001
迭代 113/10001, 总损失: 0.045499, PDE损失: 0.01726157308578314, 数据损失: 0.07373554604349747, LR: 0.0001
迭代 114/10001, 总损失: 0.046968, PDE损失: 0.017995229542499318, 数据损失: 0.07594114398982908, LR: 0.0001
迭代 115/10001, 总损失: 0.044584, PDE损失: 0.01694953944146012, 数据损失: 0.07221818376066429, LR: 0.0001
迭代 116/10001, 总损失: 0.046592, PDE损失: 0.01820130832216126, 数据损失: 0.07498211200748171, LR: 0.0001
迭代 117/10001, 总损失: 0.042614, PDE损失: 0.01680825852478544, 数据损失: 0.0684198998358278, LR: 0.0001
迭代 118/10001, 总损失: 0.043228, PDE损失: 0.015310207409562454, 数据损失: 0.07114647384289474, LR: 0.0001
迭代 119/10001, 总损失: 0.040431, PDE损失: 0.015313323129833276, 数据损失: 0.06554830688539715, LR: 0.0001
迭代 120/10001, 总损失: 0.040877, PDE损失: 0.014922800482184227, 数据损失: 0.0668316479949724, LR: 0.0001
迭代 121/10001, 总损失: 0.039549, PDE损失: 0.015322978954784395, 数据损失: 0.06377500292312886, LR: 0.0001
迭代 122/10001, 总损失: 0.038748, PDE损失: 0.013193977586481543, 数据损失: 0.06430290442048794, LR: 0.0001
迭代 123/10001, 总损失: 0.037579, PDE损失: 0.014668021292891353, 数据损失: 0.06049024620802984, LR: 0.0001
迭代 124/10001, 总损失: 0.038265, PDE损失: 0.013666257040486449, 数据损失: 0.06286285924060005, LR: 0.0001
迭代 125/10001, 总损失: 0.035804, PDE损失: 0.013198437196912155, 数据损失: 0.058410118045728834, LR: 0.0001
迭代 126/10001, 总损失: 0.036649, PDE损失: 0.012829515925009869, 数据损失: 0.060467926042509224, LR: 0.0001
迭代 127/10001, 总损失: 0.035959, PDE损失: 0.014105729448298613, 数据损失: 0.05781285700920437, LR: 0.0001
迭代 128/10001, 总损失: 0.035806, PDE损失: 0.01287785031101001, 数据损失: 0.0587344032024876, LR: 0.0001
迭代 129/10001, 总损失: 0.033989, PDE损失: 0.013131350716797724, 数据损失: 0.054847227930579154, LR: 0.0001
迭代 130/10001, 总损失: 0.034296, PDE损失: 0.01203447051479348, 数据损失: 0.05655690801462957, LR: 0.0001
迭代 131/10001, 总损失: 0.032481, PDE损失: 0.011967761309019156, 数据损失: 0.052994784355784454, LR: 0.0001
迭代 132/10001, 总损失: 0.032559, PDE损失: 0.010961247328114473, 数据损失: 0.05415747337974608, LR: 0.0001
迭代 133/10001, 总损失: 0.032808, PDE损失: 0.01266307508506413, 数据损失: 0.05295193991402075, LR: 0.0001
迭代 134/10001, 总损失: 0.033348, PDE损失: 0.012517077390969331, 数据损失: 0.05417914777284577, LR: 0.0001
迭代 135/10001, 总损失: 0.031200, PDE损失: 0.011790684051534515, 数据损失: 0.05060912240740089, LR: 0.0001
迭代 136/10001, 总损失: 0.031855, PDE损失: 0.010930120196592594, 数据损失: 0.052780211659237034, LR: 0.0001
迭代 137/10001, 总损失: 0.030676, PDE损失: 0.011139986124665787, 数据损失: 0.050212613573031764, LR: 0.0001
迭代 138/10001, 总损失: 0.032423, PDE损失: 0.011013667539892984, 数据损失: 0.05383273844961964, LR: 0.0001
迭代 139/10001, 总损失: 0.030973, PDE损失: 0.012356026462622963, 数据损失: 0.04959089169278741, LR: 0.0001
迭代 140/10001, 总损失: 0.030103, PDE损失: 0.010378319485988911, 数据损失: 0.04982817112024696, LR: 0.0001
迭代 141/10001, 总损失: 0.029766, PDE损失: 0.01094575270794199, 数据损失: 0.04858622957198393, LR: 0.0001
迭代 142/10001, 总损失: 0.033488, PDE损失: 0.012141563267158787, 数据损失: 0.054834045946509355, LR: 0.0001
迭代 143/10001, 总损失: 0.029582, PDE损失: 0.011216143133684195, 数据损失: 0.04794693267571607, LR: 0.0001
迭代 144/10001, 总损失: 0.031370, PDE损失: 0.010032242069774796, 数据损失: 0.05270690538565673, LR: 0.0001
迭代 145/10001, 总损失: 0.028784, PDE损失: 0.01073634043651899, 数据损失: 0.04683248060090201, LR: 0.0001
迭代 146/10001, 总损失: 0.028783, PDE损失: 0.009642168760321857, 数据损失: 0.047923539244082006, LR: 0.0001
迭代 147/10001, 总损失: 0.028627, PDE损失: 0.010996302873882953, 数据损失: 0.04625723226040247, LR: 0.0001
迭代 148/10001, 总损失: 0.029316, PDE损失: 0.010104029866245886, 数据损失: 0.04852827446579579, LR: 0.0001
迭代 149/10001, 总损失: 0.027749, PDE损失: 0.009852303508003908, 数据损失: 0.04564600880257785, LR: 0.0001
迭代 150/10001, 总损失: 0.027111, PDE损失: 0.008753501239144021, 数据损失: 0.0454681109570499, LR: 0.0001
============================================================
模型预测性能指标汇总：valid_without_fine_tune
============================================================

【实部】
MSE: 0.133358
MAE: 1.036971
R²:  0.982216

【虚部】
MSE: 0.138886
MAE: 1.084709
R²:  0.980709
============================================================
模型预测性能指标汇总：train
============================================================

【实部】
MSE: 0.182170
MAE: 1.164733
R²:  0.966814

【虚部】
MSE: 0.177061
MAE: 1.121864
R²:  0.968642
============================================================
模型预测性能指标汇总：Marmousi
============================================================

【实部】
MSE: 0.231093
MAE: 1.060826
R²:  0.946594

【虚部】
MSE: 0.244226
MAE: 1.130945
R²:  0.940351
迭代 151/10001, 总损失: 0.027510, PDE损失: 0.010508575519668824, 数据损失: 0.04451051409844132, LR: 0.0001
迭代 152/10001, 总损失: 0.026638, PDE损失: 0.00820000849143114, 数据损失: 0.04507506286193218, LR: 0.0001
迭代 153/10001, 总损失: 0.026794, PDE损失: 0.009855001020090034, 数据损失: 0.0437325719865926, LR: 0.0001
迭代 154/10001, 总损失: 0.027507, PDE损失: 0.008446771267613042, 数据损失: 0.04656791419810837, LR: 0.0001
迭代 155/10001, 总损失: 0.027198, PDE损失: 0.009906634580277438, 数据损失: 0.044489898009314424, LR: 0.0001
迭代 156/10001, 总损失: 0.027176, PDE损失: 0.009276221905435835, 数据损失: 0.04507513124761837, LR: 0.0001
迭代 157/10001, 总损失: 0.026403, PDE损失: 0.00985702317363272, 数据损失: 0.04294979763549885, LR: 0.0001
迭代 158/10001, 总损失: 0.029623, PDE损失: 0.013383194018388167, 数据损失: 0.04586293692478821, LR: 0.0001
迭代 159/10001, 总损失: 0.026718, PDE损失: 0.009443573282277655, 数据损失: 0.04399166947474614, LR: 0.0001
迭代 160/10001, 总损失: 0.027168, PDE损失: 0.00971580587238783, 数据损失: 0.04462061391123349, LR: 0.0001
迭代 161/10001, 总损失: 0.025328, PDE损失: 0.009236965903602097, 数据损失: 0.04141946414685143, LR: 0.0001
迭代 162/10001, 总损失: 0.027200, PDE损失: 0.011583593418999087, 数据损失: 0.04281705917258348, LR: 0.0001
迭代 163/10001, 总损失: 0.025866, PDE损失: 0.0097734548769603, 数据损失: 0.04195845689779768, LR: 0.0001
迭代 164/10001, 总损失: 0.027759, PDE损失: 0.010044761589683947, 数据损失: 0.04547350709548309, LR: 0.0001
迭代 165/10001, 总损失: 0.026178, PDE损失: 0.009795890229898283, 数据损失: 0.04256071038876793, LR: 0.0001
迭代 166/10001, 总损失: 0.026953, PDE损失: 0.00872582191368565, 数据损失: 0.045179521393341325, LR: 0.0001
迭代 167/10001, 总损失: 0.024990, PDE损失: 0.008927707771016728, 数据损失: 0.041052424731398265, LR: 0.0001
迭代 168/10001, 总损失: 0.028119, PDE损失: 0.008828350040684677, 数据损失: 0.047408715256356766, LR: 0.0001
迭代 169/10001, 总损失: 0.024245, PDE损失: 0.008326150903788706, 数据损失: 0.04016413700412072, LR: 0.0001
迭代 170/10001, 总损失: 0.025453, PDE损失: 0.007761557025202949, 数据损失: 0.043144327871102305, LR: 0.0001
迭代 171/10001, 总损失: 0.025106, PDE损失: 0.009592921021283559, 数据损失: 0.040618404502137787, LR: 0.0001
迭代 172/10001, 总损失: 0.025656, PDE损失: 0.008157345566100307, 数据损失: 0.043154599965505656, LR: 0.0001
迭代 173/10001, 总损失: 0.023884, PDE损失: 0.00798566657994386, 数据损失: 0.039782899914176335, LR: 0.0001
迭代 174/10001, 总损失: 0.025871, PDE损失: 0.009882254991680384, 数据损失: 0.041860259171309214, LR: 0.0001
迭代 175/10001, 总损失: 0.024838, PDE损失: 0.00887605319924963, 数据损失: 0.0408009390479752, LR: 0.0001
迭代 176/10001, 总损失: 0.025295, PDE损失: 0.009454241489514797, 数据损失: 0.041136559342876786, LR: 0.0001
迭代 177/10001, 总损失: 0.023184, PDE损失: 0.007671574205492756, 数据损失: 0.03869613308259951, LR: 0.0001
迭代 178/10001, 总损失: 0.026364, PDE损失: 0.008497568077429952, 数据损失: 0.04423021464165123, LR: 0.0001
迭代 179/10001, 总损失: 0.023931, PDE损失: 0.008318640004810212, 数据损失: 0.03954434979684828, LR: 0.0001
迭代 180/10001, 总损失: 0.026223, PDE损失: 0.009727784802505215, 数据损失: 0.04271875539173683, LR: 0.0001
迭代 181/10001, 总损失: 0.023584, PDE损失: 0.00832495418199826, 数据损失: 0.03884344375581436, LR: 0.0001
迭代 182/10001, 总损失: 0.023705, PDE损失: 0.007643980434208754, 数据损失: 0.03976699770871727, LR: 0.0001
迭代 183/10001, 总损失: 0.023497, PDE损失: 0.008131368433602066, 数据损失: 0.03886172652710229, LR: 0.0001
迭代 184/10001, 总损失: 0.024362, PDE损失: 0.007891606305271298, 数据损失: 0.04083243990316987, LR: 0.0001
迭代 185/10001, 总损失: 0.024165, PDE损失: 0.008909721296125403, 数据损失: 0.0394205387703897, LR: 0.0001
迭代 186/10001, 总损失: 0.023297, PDE损失: 0.00639047061503377, 数据损失: 0.04020444841478907, LR: 0.0001
迭代 187/10001, 总损失: 0.023215, PDE损失: 0.008024785807633418, 数据损失: 0.03840510595390307, LR: 0.0001
迭代 188/10001, 总损失: 0.029199, PDE损失: 0.011831271778126913, 数据损失: 0.04656575079120341, LR: 0.0001
迭代 189/10001, 总损失: 0.022447, PDE损失: 0.007364767628522324, 数据损失: 0.0375285907149581, LR: 0.0001
迭代 190/10001, 总损失: 0.022008, PDE损失: 0.006297813900302918, 数据损失: 0.03771892997680143, LR: 0.0001
迭代 191/10001, 总损失: 0.022794, PDE损失: 0.0077965821061904235, 数据损失: 0.03779142616604943, LR: 0.0001
迭代 192/10001, 总损失: 0.024328, PDE损失: 0.008114232938082534, 数据损失: 0.04054172611462751, LR: 0.0001
迭代 193/10001, 总损失: 0.022652, PDE损失: 0.007846729563815253, 数据损失: 0.0374567374265531, LR: 0.0001
迭代 194/10001, 总损失: 0.022628, PDE损失: 0.007328672539664521, 数据损失: 0.03792662826544117, LR: 0.0001
迭代 195/10001, 总损失: 0.021973, PDE损失: 0.007190008930462811, 数据损失: 0.03675638880979802, LR: 0.0001
迭代 196/10001, 总损失: 0.025249, PDE损失: 0.007761968647606582, 数据损失: 0.042736155568577704, LR: 0.0001
迭代 197/10001, 总损失: 0.022429, PDE损失: 0.007641493263820719, 数据损失: 0.03721577112585129, LR: 0.0001
迭代 198/10001, 总损失: 0.022081, PDE损失: 0.006353540153386781, 数据损失: 0.03780869476031512, LR: 0.0001
迭代 199/10001, 总损失: 0.022768, PDE损失: 0.007805827659987179, 数据损失: 0.03772952619363509, LR: 0.0001
迭代 200/10001, 总损失: 0.029191, PDE损失: 0.013938866697052228, 数据损失: 0.044442299664730116, LR: 0.0001
============================================================
模型预测性能指标汇总：valid_without_fine_tune
============================================================

【实部】
MSE: 0.154839
MAE: 1.237546
R²:  0.976025

【虚部】
MSE: 0.160618
MAE: 1.260420
R²:  0.974200
============================================================
模型预测性能指标汇总：train
============================================================

【实部】
MSE: 0.182679
MAE: 1.177731
R²:  0.966628

【虚部】
MSE: 0.187503
MAE: 1.178120
R²:  0.964834
============================================================
模型预测性能指标汇总：Marmousi
============================================================

【实部】
MSE: 0.275647
MAE: 1.262561
R²:  0.924015

【虚部】
MSE: 0.272534
MAE: 1.246890
R²:  0.925722
迭代 201/10001, 总损失: 0.022542, PDE损失: 0.008223802282286453, 数据损失: 0.03685993425148938, LR: 0.0001
迭代 202/10001, 总损失: 0.021788, PDE损失: 0.00648390274727717, 数据损失: 0.03709192689330805, LR: 0.0001
迭代 203/10001, 总损失: 0.021773, PDE损失: 0.007323156479590883, 数据损失: 0.03622205395783697, LR: 0.0001
迭代 204/10001, 总损失: 0.025381, PDE损失: 0.0070738024591091315, 数据损失: 0.043687494715587014, LR: 0.0001
迭代 205/10001, 总损失: 0.021932, PDE损失: 0.007281240437545681, 数据损失: 0.036582186308112885, LR: 0.0001
迭代 206/10001, 总损失: 0.022356, PDE损失: 0.00635209848544383, 数据损失: 0.03836023740448235, LR: 0.0001
迭代 207/10001, 总损失: 0.021904, PDE损失: 0.007405600096154515, 数据损失: 0.036401534519557445, LR: 0.0001
迭代 208/10001, 总损失: 0.023075, PDE损失: 0.00905968964382607, 数据损失: 0.03709081174539668, LR: 0.0001
迭代 209/10001, 总损失: 0.020918, PDE损失: 0.006659918007374342, 数据损失: 0.035176870479647605, LR: 0.0001
迭代 210/10001, 总损失: 0.024320, PDE损失: 0.00695580179204366, 数据损失: 0.04168484781292223, LR: 0.0001
迭代 211/10001, 总损失: 0.022262, PDE损失: 0.008054529402648941, 数据损失: 0.03646976188091295, LR: 0.0001
迭代 212/10001, 总损失: 0.021997, PDE损失: 0.006912317825481296, 数据损失: 0.03708109200843388, LR: 0.0001
迭代 213/10001, 总损失: 0.021244, PDE损失: 0.006714920136367991, 数据损失: 0.03577282684411676, LR: 0.0001
迭代 214/10001, 总损失: 0.023776, PDE损失: 0.007974511353365545, 数据损失: 0.03957690188794264, LR: 0.0001
迭代 215/10001, 总损失: 0.020940, PDE损失: 0.0071559316753077185, 数据损失: 0.03472348169556686, LR: 0.0001
迭代 216/10001, 总损失: 0.020627, PDE损失: 0.006257259532243812, 数据损失: 0.034996015324612106, LR: 0.0001
迭代 217/10001, 总损失: 0.021132, PDE损失: 0.00727360418836941, 数据损失: 0.034989454256858496, LR: 0.0001
迭代 218/10001, 总损失: 0.022048, PDE损失: 0.00741542589994857, 数据损失: 0.03668027378929158, LR: 0.0001
迭代 219/10001, 总损失: 0.021571, PDE损失: 0.00687372871020454, 数据损失: 0.03626796105388729, LR: 0.0001
迭代 220/10001, 总损失: 0.020377, PDE损失: 0.005614519920310981, 数据损失: 0.03514029170453016, LR: 0.0001
迭代 221/10001, 总损失: 0.020826, PDE损失: 0.007034788940689482, 数据损失: 0.03461807408547472, LR: 0.0001
迭代 222/10001, 总损失: 0.022878, PDE损失: 0.009659043087768146, 数据损失: 0.036097805392706676, LR: 0.0001
迭代 223/10001, 总损失: 0.020815, PDE损失: 0.007086385355380896, 数据损失: 0.034543231855856164, LR: 0.0001
迭代 224/10001, 总损失: 0.021266, PDE损失: 0.006532938907011634, 数据损失: 0.035999728399994116, LR: 0.0001
迭代 225/10001, 总损失: 0.021121, PDE损失: 0.006979761398508258, 数据损失: 0.035261897869142036, LR: 0.0001
迭代 226/10001, 总损失: 0.020729, PDE损失: 0.005517718407125878, 数据损失: 0.035940890527507735, LR: 0.0001
迭代 227/10001, 总损失: 0.020458, PDE损失: 0.006759551014207925, 数据损失: 0.03415677959786817, LR: 0.0001
迭代 228/10001, 总损失: 0.021289, PDE损失: 0.007261328936909281, 数据损失: 0.03531638685879963, LR: 0.0001
迭代 229/10001, 总损失: 0.020333, PDE损失: 0.006767984874646312, 数据损失: 0.03389760517027406, LR: 0.0001
迭代 230/10001, 总损失: 0.021724, PDE损失: 0.006070100911615771, 数据损失: 0.03737750930512058, LR: 0.0001
迭代 231/10001, 总损失: 0.020615, PDE损失: 0.007040801948668169, 数据损失: 0.03418981428036377, LR: 0.0001
迭代 232/10001, 总损失: 0.020256, PDE损失: 0.006054968423476177, 数据损失: 0.034457645018673724, LR: 0.0001
迭代 233/10001, 总损失: 0.020299, PDE损失: 0.00676739252715682, 数据损失: 0.033831307381790666, LR: 0.0001
迭代 234/10001, 总损失: 0.019622, PDE损失: 0.0056000269528123595, 数据损失: 0.033643997263252026, LR: 0.0001
迭代 235/10001, 总损失: 0.020100, PDE损失: 0.006401221924794039, 数据损失: 0.03379812420878027, LR: 0.0001
迭代 236/10001, 总损失: 0.021000, PDE损失: 0.006242524172800283, 数据损失: 0.035757103380525394, LR: 0.0001
迭代 237/10001, 总损失: 0.020634, PDE损失: 0.007471061684468407, 数据损失: 0.033796926106636725, LR: 0.0001
迭代 238/10001, 总损失: 0.020179, PDE损失: 0.006047514231232483, 数据损失: 0.03431087347590143, LR: 0.0001
迭代 239/10001, 总损失: 0.020207, PDE损失: 0.006856964436814278, 数据损失: 0.033556901084791334, LR: 0.0001
迭代 240/10001, 总损失: 0.021252, PDE损失: 0.006850344555762907, 数据损失: 0.03565331209739227, LR: 0.0001
迭代 241/10001, 总损失: 0.019813, PDE损失: 0.006190946468407111, 数据损失: 0.033435907292490206, LR: 0.0001
迭代 242/10001, 总损失: 0.022632, PDE损失: 0.008566277223594841, 数据损失: 0.03669782900916679, LR: 0.0001
迭代 243/10001, 总损失: 0.019259, PDE损失: 0.005966667143400714, 数据损失: 0.0325509981762263, LR: 0.0001
迭代 244/10001, 总损失: 0.022072, PDE损失: 0.0068377580402219406, 数据损失: 0.03730621196640035, LR: 0.0001
迭代 245/10001, 总损失: 0.020653, PDE损失: 0.006907143580195095, 数据损失: 0.03439911106778752, LR: 0.0001
迭代 246/10001, 总损失: 0.020774, PDE损失: 0.005550248753501191, 数据损失: 0.035996866052127666, LR: 0.0001
迭代 247/10001, 总损失: 0.019525, PDE损失: 0.006168251401201512, 数据损失: 0.03288116400307488, LR: 0.0001
迭代 248/10001, 总损失: 0.022221, PDE损失: 0.0065333006551511405, 数据损失: 0.03790881299591135, LR: 0.0001
迭代 249/10001, 总损失: 0.020679, PDE损失: 0.007870607962970445, 数据损失: 0.03348690934390539, LR: 0.0001
迭代 250/10001, 总损失: 0.020138, PDE损失: 0.004992532438509876, 数据损失: 0.03528287239550125, LR: 0.0001
============================================================
模型预测性能指标汇总：valid_without_fine_tune
============================================================

【实部】
MSE: 0.108433
MAE: 0.829523
R²:  0.988242

【虚部】
MSE: 0.110815
MAE: 0.827820
R²:  0.987719
============================================================
模型预测性能指标汇总：train
============================================================

【实部】
MSE: 0.152578
MAE: 0.967739
R²:  0.976720

【虚部】
MSE: 0.156853
MAE: 1.002814
R²:  0.975391
============================================================
模型预测性能指标汇总：Marmousi
============================================================

【实部】
MSE: 0.238078
MAE: 1.121480
R²:  0.943316

【虚部】
MSE: 0.234730
MAE: 1.089458
R²:  0.944899
迭代 251/10001, 总损失: 0.019452, PDE损失: 0.005890140981396793, 数据损失: 0.03301405065715136, LR: 0.0001
迭代 252/10001, 总损失: 0.021022, PDE损失: 0.007636284971210573, 数据损失: 0.0344074809857245, LR: 0.0001
迭代 253/10001, 总损失: 0.019371, PDE损失: 0.006459182367377382, 数据损失: 0.03228294434181104, LR: 0.0001
迭代 254/10001, 总损失: 0.019695, PDE损失: 0.005754297424573451, 数据损失: 0.033635883985663806, LR: 0.0001
迭代 255/10001, 总损失: 0.019143, PDE损失: 0.006021880462954175, 数据损失: 0.03226461793140819, LR: 0.0001
迭代 256/10001, 总损失: 0.020690, PDE损失: 0.005653835318904991, 数据损失: 0.03572624575324534, LR: 0.0001
迭代 257/10001, 总损失: 0.019575, PDE损失: 0.006355832506891429, 数据损失: 0.032793709803150876, LR: 0.0001
迭代 258/10001, 总损失: 0.020753, PDE损失: 0.006819567012522991, 数据损失: 0.03468665093671353, LR: 0.0001
迭代 259/10001, 总损失: 0.019330, PDE损失: 0.00637031645150966, 数据损失: 0.032289393190737994, LR: 0.0001
迭代 260/10001, 总损失: 0.025224, PDE损失: 0.012854276966425545, 数据损失: 0.03759336217106985, LR: 0.0001
迭代 261/10001, 总损失: 0.019693, PDE损失: 0.006744476953393868, 数据损失: 0.032642354822850654, LR: 0.0001
迭代 262/10001, 总损失: 0.026672, PDE损失: 0.005497488023441595, 数据损失: 0.04784644440570403, LR: 0.0001
迭代 263/10001, 总损失: 0.018952, PDE损失: 0.006025226714666046, 数据损失: 0.031878905348657144, LR: 0.0001
迭代 264/10001, 总损失: 0.020647, PDE损失: 0.006733481119486636, 数据损失: 0.034559942266371636, LR: 0.0001
迭代 265/10001, 总损失: 0.020878, PDE损失: 0.007905435962519343, 数据损失: 0.033850655264575924, LR: 0.0001
迭代 266/10001, 总损失: 0.018249, PDE损失: 0.004668429333833046, 数据损失: 0.031828765297264215, LR: 0.0001
迭代 267/10001, 总损失: 0.018683, PDE损失: 0.00616897836915173, 数据损失: 0.03119620971292967, LR: 0.0001
迭代 268/10001, 总损失: 0.018760, PDE损失: 0.005220045884405928, 数据损失: 0.032300795073665324, LR: 0.0001
迭代 269/10001, 总损失: 0.018510, PDE损失: 0.005750102876585775, 数据损失: 0.0312689929768177, LR: 0.0001
迭代 270/10001, 总损失: 0.018792, PDE损失: 0.005369277310646361, 数据损失: 0.03221509179344312, LR: 0.0001
迭代 271/10001, 总损失: 0.018847, PDE损失: 0.006219500680648101, 数据损失: 0.03147510862687514, LR: 0.0001
迭代 272/10001, 总损失: 0.019087, PDE损失: 0.005860718952525141, 数据损失: 0.032313363471378885, LR: 0.0001
迭代 273/10001, 总损失: 0.018613, PDE损失: 0.005763667944674602, 数据损失: 0.031463130349515096, LR: 0.0001
迭代 274/10001, 总损失: 0.020095, PDE损失: 0.0057396713500132875, 数据损失: 0.03444983429341976, LR: 0.0001
迭代 275/10001, 总损失: 0.018486, PDE损失: 0.005838055485842882, 数据损失: 0.031133903423324227, LR: 0.0001
迭代 276/10001, 总损失: 0.020847, PDE损失: 0.005299743257291127, 数据损失: 0.03639364662203228, LR: 0.0001
迭代 277/10001, 总损失: 0.019298, PDE损失: 0.006406851256282867, 数据损失: 0.03218924469824526, LR: 0.0001
迭代 278/10001, 总损失: 0.018041, PDE损失: 0.00484474410907188, 数据损失: 0.03123779900349854, LR: 0.0001
迭代 279/10001, 总损失: 0.018340, PDE损失: 0.005508124508889436, 数据损失: 0.03117192407981271, LR: 0.0001
迭代 280/10001, 总损失: 0.018625, PDE损失: 0.005638723319862038, 数据损失: 0.03161078033458796, LR: 0.0001
迭代 281/10001, 总损失: 0.018844, PDE损失: 0.006024140473787806, 数据损失: 0.03166364190456945, LR: 0.0001
迭代 282/10001, 总损失: 0.019769, PDE损失: 0.005735953262219915, 数据损失: 0.033801826737111525, LR: 0.0001
迭代 283/10001, 总损失: 0.018317, PDE损失: 0.005928241204293002, 数据损失: 0.030705040536953936, LR: 0.0001
迭代 284/10001, 总损失: 0.018667, PDE损失: 0.0049531887121875545, 数据损失: 0.03237991194639887, LR: 0.0001
迭代 285/10001, 总损失: 0.018481, PDE损失: 0.006152446458664989, 数据损失: 0.03080929174930567, LR: 0.0001
迭代 286/10001, 总损失: 0.019748, PDE损失: 0.006060561779165818, 数据损失: 0.03343456857172506, LR: 0.0001
迭代 287/10001, 总损失: 0.018321, PDE损失: 0.005621396916380729, 数据损失: 0.03102147205555368, LR: 0.0001
迭代 288/10001, 总损失: 0.020173, PDE损失: 0.00620922518040364, 数据损失: 0.03413652513907956, LR: 0.0001
迭代 289/10001, 总损失: 0.018434, PDE损失: 0.006114743252207215, 数据损失: 0.03075302136130631, LR: 0.0001
迭代 290/10001, 总损失: 0.018505, PDE损失: 0.005224658517233495, 数据损失: 0.0317850768721352, LR: 0.0001
迭代 291/10001, 总损失: 0.017643, PDE损失: 0.005437553655134425, 数据损失: 0.02984874185529493, LR: 0.0001
迭代 292/10001, 总损失: 0.019216, PDE损失: 0.006054610210759122, 数据损失: 0.03237805654117394, LR: 0.0001
迭代 293/10001, 总损失: 0.018001, PDE损失: 0.005739199145907713, 数据损失: 0.030263696309356464, LR: 0.0001
迭代 294/10001, 总损失: 0.018092, PDE损失: 0.00502017070400706, 数据损失: 0.03116402110373158, LR: 0.0001
迭代 295/10001, 总损失: 0.018629, PDE损失: 0.005979814730207657, 数据损失: 0.03127786820377445, LR: 0.0001
迭代 296/10001, 总损失: 0.018382, PDE损失: 0.0050869223216847914, 数据损失: 0.031676801753097346, LR: 0.0001
迭代 297/10001, 总损失: 0.018105, PDE损失: 0.005914966225862459, 数据损失: 0.030295240432245747, LR: 0.0001
迭代 298/10001, 总损失: 0.017671, PDE损失: 0.0050179574346180915, 数据损失: 0.030323979821765705, LR: 0.0001
迭代 299/10001, 总损失: 0.017662, PDE损失: 0.005350272760205414, 数据损失: 0.029974368567179357, LR: 0.0001
迭代 300/10001, 总损失: 0.018793, PDE损失: 0.0056126949923401255, 数据损失: 0.031973072044950514, LR: 0.0001
============================================================
模型预测性能指标汇总：valid_without_fine_tune
============================================================

【实部】
MSE: 0.111883
MAE: 0.841816
R²:  0.987482

【虚部】
MSE: 0.111626
MAE: 0.850250
R²:  0.987539
============================================================
模型预测性能指标汇总：train
============================================================

【实部】
MSE: 0.153863
MAE: 0.994371
R²:  0.976326

【虚部】
MSE: 0.162886
MAE: 1.051289
R²:  0.973462
============================================================
模型预测性能指标汇总：Marmousi
============================================================

【实部】
MSE: 0.190767
MAE: 0.882358
R²:  0.963606

【虚部】
MSE: 0.194180
MAE: 0.891944
R²:  0.962292
迭代 301/10001, 总损失: 0.018328, PDE损失: 0.006196822745897364, 数据损失: 0.03045940530552928, LR: 0.0001
迭代 302/10001, 总损失: 0.018335, PDE损失: 0.004410603090599622, 数据损失: 0.03225968453833567, LR: 0.0001
迭代 303/10001, 总损失: 0.018176, PDE损失: 0.00587634602977362, 数据损失: 0.030475537198418307, LR: 0.0001
迭代 304/10001, 总损失: 0.020570, PDE损失: 0.006505966045161975, 数据损失: 0.0346340219423707, LR: 0.0001
迭代 305/10001, 总损失: 0.018115, PDE损失: 0.005968448471754701, 数据损失: 0.030262071262335495, LR: 0.0001
迭代 306/10001, 总损失: 0.017915, PDE损失: 0.004837791660628725, 数据损失: 0.030991899597990726, LR: 0.0001
迭代 307/10001, 总损失: 0.017530, PDE损失: 0.005407823554594957, 数据损失: 0.02965158028971581, LR: 0.0001
迭代 308/10001, 总损失: 0.018832, PDE损失: 0.005217445563868664, 数据损失: 0.0324470830881702, LR: 0.0001
迭代 309/10001, 总损失: 0.017591, PDE损失: 0.005572645693540662, 数据损失: 0.029608479590110835, LR: 0.0001
迭代 310/10001, 总损失: 0.016974, PDE损失: 0.004307555381923781, 数据损失: 0.029640586109876278, LR: 0.0001
迭代 311/10001, 总损失: 0.017473, PDE损失: 0.005219969389838211, 数据损失: 0.029725269275894833, LR: 0.0001
迭代 312/10001, 总损失: 0.021033, PDE损失: 0.006482258522217827, 数据损失: 0.035583162613745244, LR: 0.0001
迭代 313/10001, 总损失: 0.018209, PDE损失: 0.006270124032328438, 数据损失: 0.030148150698680962, LR: 0.0001
迭代 314/10001, 总损失: 0.017461, PDE损失: 0.005072375025650088, 数据损失: 0.029850019130944497, LR: 0.0001
迭代 315/10001, 总损失: 0.017199, PDE损失: 0.0049595609827000385, 数据损失: 0.02943939346420978, LR: 0.0001
迭代 316/10001, 总损失: 0.019111, PDE损失: 0.005935438300227924, 数据损失: 0.032286263248395355, LR: 0.0001
迭代 317/10001, 总损失: 0.018138, PDE损失: 0.006151958489984584, 数据损失: 0.030123501766606102, LR: 0.0001
迭代 318/10001, 总损失: 0.018523, PDE损失: 0.005009127051120491, 数据损失: 0.032037246628620085, LR: 0.0001
迭代 319/10001, 总损失: 0.017457, PDE损失: 0.005501376110173407, 数据损失: 0.029411746715638964, LR: 0.0001
迭代 320/10001, 总损失: 0.019376, PDE损失: 0.005827597094356038, 数据损失: 0.03292525836288752, LR: 0.0001
迭代 321/10001, 总损失: 0.017264, PDE损失: 0.005486509243686062, 数据损失: 0.02904070295127375, LR: 0.0001
迭代 322/10001, 总损失: 0.019114, PDE损失: 0.005487006915722131, 数据损失: 0.03274076429772235, LR: 0.0001
迭代 323/10001, 总损失: 0.017626, PDE损失: 0.0053731955357805075, 数据损失: 0.02987811640681078, LR: 0.0001
迭代 324/10001, 总损失: 0.019027, PDE损失: 0.005177488047463287, 数据损失: 0.03287634202500894, LR: 0.0001
迭代 325/10001, 总损失: 0.017221, PDE损失: 0.00563902995366204, 数据损失: 0.02880278361096446, LR: 0.0001
迭代 326/10001, 总损失: 0.016993, PDE损失: 0.004691577220607239, 数据损失: 0.02929419501950698, LR: 0.0001
迭代 327/10001, 总损失: 0.017097, PDE损失: 0.005291399431631102, 数据损失: 0.028901938326834214, LR: 0.0001
迭代 328/10001, 总损失: 0.017809, PDE损失: 0.004540033161035916, 数据损失: 0.031078729928205057, LR: 0.0001
迭代 329/10001, 总损失: 0.017092, PDE损失: 0.005098352139438724, 数据损失: 0.02908652448206253, LR: 0.0001
迭代 330/10001, 总损失: 0.017277, PDE损失: 0.0049186485356629076, 数据损失: 0.029634831744867068, LR: 0.0001
迭代 331/10001, 总损失: 0.017877, PDE损失: 0.005892419265278261, 数据损失: 0.029861894003780826, LR: 0.0001
迭代 332/10001, 总损失: 0.017369, PDE损失: 0.005349681599736435, 数据损失: 0.029387391188980212, LR: 0.0001
迭代 333/10001, 总损失: 0.017593, PDE损失: 0.005949503410929104, 数据损失: 0.029235784280379967, LR: 0.0001
迭代 334/10001, 总损失: 0.021185, PDE损失: 0.008551863597295735, 数据损失: 0.03381751219387211, LR: 0.0001
迭代 335/10001, 总损失: 0.016723, PDE损失: 0.0048977693091035775, 数据损失: 0.028548900254203806, LR: 0.0001
迭代 336/10001, 总损失: 0.017101, PDE损失: 0.004483413017061096, 数据损失: 0.029719405314175502, LR: 0.0001
迭代 337/10001, 总损失: 0.017013, PDE损失: 0.005254011089120814, 数据损失: 0.028772794935364453, LR: 0.0001
迭代 338/10001, 总损失: 0.017401, PDE损失: 0.00433877281293029, 数据损失: 0.030462961305775457, LR: 0.0001
迭代 339/10001, 总损失: 0.017142, PDE损失: 0.005163129415623622, 数据损失: 0.029121460470681388, LR: 0.0001
迭代 340/10001, 总损失: 0.017746, PDE损失: 0.005330408813149136, 数据损失: 0.03016183613466897, LR: 0.0001
迭代 341/10001, 总损失: 0.017195, PDE损失: 0.005770283098432368, 数据损失: 0.02861926909203508, LR: 0.0001
迭代 342/10001, 总损失: 0.017306, PDE损失: 0.004270411740262283, 数据损失: 0.030341638368554413, LR: 0.0001
迭代 343/10001, 总损失: 0.017540, PDE损失: 0.00598037965773117, 数据损失: 0.02909886419019174, LR: 0.0001
迭代 344/10001, 总损失: 0.016818, PDE损失: 0.004219435864970798, 数据损失: 0.029417464587216575, LR: 0.0001
迭代 345/10001, 总损失: 0.016513, PDE损失: 0.004883450958351162, 数据损失: 0.0281419510165939, LR: 0.0001
迭代 346/10001, 总损失: 0.020847, PDE损失: 0.006240959482965991, 数据损失: 0.0354538906942166, LR: 0.0001
迭代 347/10001, 总损失: 0.017073, PDE损失: 0.005487647728711765, 数据损失: 0.02865899256097951, LR: 0.0001
迭代 348/10001, 总损失: 0.017159, PDE损失: 0.0048161259155243726, 数据损失: 0.029501925205944905, LR: 0.0001
迭代 349/10001, 总损失: 0.016485, PDE损失: 0.004842150558639939, 数据损失: 0.02812879947790255, LR: 0.0001
迭代 350/10001, 总损失: 0.017771, PDE损失: 0.004903477490491544, 数据损失: 0.03063898802446645, LR: 0.0001
============================================================
模型预测性能指标汇总：valid_without_fine_tune
============================================================

【实部】
MSE: 0.113924
MAE: 0.861040
R²:  0.987021

【虚部】
MSE: 0.110773
MAE: 0.845107
R²:  0.987728
============================================================
模型预测性能指标汇总：train
============================================================

【实部】
MSE: 0.137284
MAE: 0.885184
R²:  0.981153

【虚部】
MSE: 0.141375
MAE: 0.906320
R²:  0.980008
============================================================
模型预测性能指标汇总：Marmousi
============================================================

【实部】
MSE: 0.203514
MAE: 0.937666
R²:  0.958580

【虚部】
MSE: 0.196737
MAE: 0.896029
R²:  0.961293
迭代 351/10001, 总损失: 0.016680, PDE损失: 0.00519068190381707, 数据损失: 0.028169945048700486, LR: 0.0001
迭代 352/10001, 总损失: 0.020206, PDE损失: 0.005316376984063979, 数据损失: 0.035095462132067906, LR: 0.0001
迭代 353/10001, 总损失: 0.016629, PDE损失: 0.005182918784114355, 数据损失: 0.02807446778197551, LR: 0.0001
迭代 354/10001, 总损失: 0.018160, PDE损失: 0.004887447300245098, 数据损失: 0.03143267046349744, LR: 0.0001
迭代 355/10001, 总损失: 0.018226, PDE损失: 0.006745191560531523, 数据损失: 0.02970592830041867, LR: 0.0001
迭代 356/10001, 总损失: 0.017391, PDE损失: 0.00485300746333364, 数据损失: 0.029929924074427357, LR: 0.0001
迭代 357/10001, 总损失: 0.016447, PDE损失: 0.004972282316884957, 数据损失: 0.02792215366138234, LR: 0.0001
迭代 358/10001, 总损失: 0.017694, PDE损失: 0.004611645469031785, 数据损失: 0.030775728386028538, LR: 0.0001
迭代 359/10001, 总损失: 0.016361, PDE损失: 0.00477850703602945, 数据损失: 0.027943494851656613, LR: 0.0001
迭代 360/10001, 总损失: 0.016698, PDE损失: 0.0045689077953630615, 数据损失: 0.028827195953843848, LR: 0.0001
迭代 361/10001, 总损失: 0.016496, PDE损失: 0.004968797474811297, 数据损失: 0.028022954900128145, LR: 0.0001
迭代 362/10001, 总损失: 0.018872, PDE损失: 0.005553164007280776, 数据损失: 0.03219167273935108, LR: 0.0001
迭代 363/10001, 总损失: 0.016711, PDE损失: 0.005215552469183292, 数据损失: 0.028206788713023775, LR: 0.0001
迭代 364/10001, 总损失: 0.017383, PDE损失: 0.005077332335834702, 数据损失: 0.02968786123563491, LR: 0.0001
迭代 365/10001, 总损失: 0.016371, PDE损失: 0.004966815431890566, 数据损失: 0.02777575072278047, LR: 0.0001
迭代 366/10001, 总损失: 0.018330, PDE损失: 0.006506995857870649, 数据损失: 0.03015253221106139, LR: 0.0001
迭代 367/10001, 总损失: 0.016863, PDE损失: 0.005631813193931954, 数据损失: 0.028093788456836983, LR: 0.0001
迭代 368/10001, 总损失: 0.016656, PDE损失: 0.004923412914476579, 数据损失: 0.028388674487359822, LR: 0.0001
迭代 369/10001, 总损失: 0.017146, PDE损失: 0.005253851138626314, 数据损失: 0.029038910077707397, LR: 0.0001
迭代 370/10001, 总损失: 0.017367, PDE损失: 0.0052041663092538895, 数据损失: 0.029529792073714946, LR: 0.0001
迭代 371/10001, 总损失: 0.016107, PDE损失: 0.005118054433426421, 数据损失: 0.027095790935813317, LR: 0.0001
迭代 372/10001, 总损失: 0.018940, PDE损失: 0.008277967472427658, 数据损失: 0.029601347787926596, LR: 0.0001
迭代 373/10001, 总损失: 0.016093, PDE损失: 0.004693121516278812, 数据损失: 0.02749246964785492, LR: 0.0001
迭代 374/10001, 总损失: 0.017664, PDE损失: 0.004968039812021223, 数据损失: 0.030360044634324453, LR: 0.0001
迭代 375/10001, 总损失: 0.016806, PDE损失: 0.005437061001430266, 数据损失: 0.028174569237134642, LR: 0.0001
迭代 376/10001, 总损失: 0.018809, PDE损失: 0.004672115633314077, 数据损失: 0.032946491752573775, LR: 0.0001
迭代 377/10001, 总损失: 0.015967, PDE损失: 0.004878919931278298, 数据损失: 0.027055098497796626, LR: 0.0001
迭代 378/10001, 总损失: 0.016603, PDE损失: 0.004811797069989899, 数据损失: 0.02839413739829546, LR: 0.0001
迭代 379/10001, 总损失: 0.016103, PDE损失: 0.004953921899349163, 数据损失: 0.027252668464955474, LR: 0.0001
迭代 380/10001, 总损失: 0.018340, PDE损失: 0.005709965502665866, 数据损失: 0.03096956538502127, LR: 0.0001
迭代 381/10001, 总损失: 0.016607, PDE损失: 0.0052517156623902595, 数据损失: 0.027963107368642732, LR: 0.0001
迭代 382/10001, 总损失: 0.016452, PDE损失: 0.0045025832826338175, 数据损失: 0.028402278615560914, LR: 0.0001
迭代 383/10001, 总损失: 0.016125, PDE损失: 0.0049412586321566435, 数据损失: 0.027307949306088545, LR: 0.0001
迭代 384/10001, 总损失: 0.016549, PDE损失: 0.00444127405422651, 数据损失: 0.028656744658725246, LR: 0.0001
迭代 385/10001, 总损失: 0.016214, PDE损失: 0.005087087742313521, 数据损失: 0.027340225359824086, LR: 0.0001
迭代 386/10001, 总损失: 0.017836, PDE损失: 0.006251311446595494, 数据损失: 0.02942142436569113, LR: 0.0001
迭代 387/10001, 总损失: 0.016949, PDE损失: 0.005817117736331143, 数据损失: 0.028081138784598027, LR: 0.0001
迭代 388/10001, 总损失: 0.016315, PDE损失: 0.003718466911647868, 数据损失: 0.028912468735749524, LR: 0.0001
迭代 389/10001, 总损失: 0.016015, PDE损失: 0.00476970921971813, 数据损失: 0.027260002486097317, LR: 0.0001
迭代 390/10001, 总损失: 0.018060, PDE损失: 0.006398809247738903, 数据损失: 0.029721811629964838, LR: 0.0001
迭代 391/10001, 总损失: 0.016064, PDE损失: 0.005102788924150879, 数据损失: 0.027025215516221664, LR: 0.0001
迭代 392/10001, 总损失: 0.016635, PDE损失: 0.004292121423835245, 数据损失: 0.028978713643958882, LR: 0.0001
迭代 393/10001, 总损失: 0.016054, PDE损失: 0.004805028884826849, 数据损失: 0.02730229118883255, LR: 0.0001
迭代 394/10001, 总损失: 0.017264, PDE损失: 0.0042658007012159075, 数据损失: 0.030261582406681208, LR: 0.0001
迭代 395/10001, 总损失: 0.015856, PDE损失: 0.005020032381123331, 数据损失: 0.026692319212348332, LR: 0.0001
迭代 396/10001, 总损失: 0.016716, PDE损失: 0.0054993633585538534, 数据损失: 0.027933395689442045, LR: 0.0001
迭代 397/10001, 总损失: 0.015575, PDE损失: 0.004554903893482073, 数据损失: 0.026594271024112544, LR: 0.0001
迭代 398/10001, 总损失: 0.017259, PDE损失: 0.00512296840177095, 数据损失: 0.029394854785918835, LR: 0.0001
迭代 399/10001, 总损失: 0.017013, PDE损失: 0.005869768419957143, 数据损失: 0.028155870253353248, LR: 0.0001
迭代 400/10001, 总损失: 0.015919, PDE损失: 0.00400299775009487, 数据损失: 0.027834017389631344, LR: 0.0001
============================================================
模型预测性能指标汇总：valid_without_fine_tune
============================================================

【实部】
MSE: 0.102308
MAE: 0.770659
R²:  0.989533

【虚部】
MSE: 0.100070
MAE: 0.768516
R²:  0.989985
============================================================
模型预测性能指标汇总：train
============================================================

【实部】
MSE: 0.142136
MAE: 0.923298
R²:  0.979797

【虚部】
MSE: 0.144442
MAE: 0.925592
R²:  0.979132
============================================================
模型预测性能指标汇总：Marmousi
============================================================

【实部】
MSE: 0.203150
MAE: 0.975455
R²:  0.958728

【虚部】
MSE: 0.197738
MAE: 0.913956
R²:  0.960898
迭代 401/10001, 总损失: 0.015587, PDE损失: 0.004523692287399345, 数据损失: 0.026650869925062926, LR: 0.0001
迭代 402/10001, 总损失: 0.015744, PDE损失: 0.004212490558053278, 数据损失: 0.027275786768378957, LR: 0.0001
迭代 403/10001, 总损失: 0.015348, PDE损失: 0.004555883669776709, 数据损失: 0.0261397133304161, LR: 0.0001
迭代 404/10001, 总损失: 0.015955, PDE损失: 0.004469086577522657, 数据损失: 0.02744189507904507, LR: 0.0001
迭代 405/10001, 总损失: 0.015465, PDE损失: 0.004434453029673369, 数据损失: 0.026494637528057433, LR: 0.0001
迭代 406/10001, 总损失: 0.018292, PDE损失: 0.005674698208514158, 数据损失: 0.03090926781407602, LR: 0.0001
迭代 407/10001, 总损失: 0.016152, PDE损失: 0.005316417561040171, 数据损失: 0.02698676910118333, LR: 0.0001
迭代 408/10001, 总损失: 0.017862, PDE损失: 0.004246578253861074, 数据损失: 0.0314768129416431, LR: 0.0001
迭代 409/10001, 总损失: 0.016998, PDE损失: 0.006101937525229351, 数据损失: 0.027894660192985265, LR: 0.0001
迭代 410/10001, 总损失: 0.015271, PDE损失: 0.003660482560267805, 数据损失: 0.026882105462607882, LR: 0.0001
迭代 411/10001, 总损失: 0.015293, PDE损失: 0.004285334558863681, 数据损失: 0.026300555039640693, LR: 0.0001
迭代 412/10001, 总损失: 0.015340, PDE损失: 0.003969086541300861, 数据损失: 0.026710217824161407, LR: 0.0001
迭代 413/10001, 总损失: 0.015439, PDE损失: 0.004558757070169252, 数据损失: 0.026319600237045614, LR: 0.0001
迭代 414/10001, 总损失: 0.015680, PDE损失: 0.004417052685138991, 数据损失: 0.02694263989438436, LR: 0.0001
迭代 415/10001, 总损失: 0.016446, PDE损失: 0.0054746966939308635, 数据损失: 0.02741638209027726, LR: 0.0001
迭代 416/10001, 总损失: 0.015373, PDE损失: 0.004126464754725541, 数据损失: 0.0266203710232817, LR: 0.0001
迭代 417/10001, 总损失: 0.015631, PDE损失: 0.004711381945526227, 数据损失: 0.026551512180871907, LR: 0.0001
迭代 418/10001, 总损失: 0.016590, PDE损失: 0.005119393409196553, 数据损失: 0.028061511760045375, LR: 0.0001
迭代 419/10001, 总损失: 0.015317, PDE损失: 0.004464431101777812, 数据损失: 0.026168996301878775, LR: 0.0001
迭代 420/10001, 总损失: 0.018038, PDE损失: 0.007816025510519034, 数据损失: 0.028259477777672664, LR: 0.0001
迭代 421/10001, 总损失: 0.015680, PDE损失: 0.004687175720131823, 数据损失: 0.026672634279488454, LR: 0.0001
迭代 422/10001, 总损失: 0.015275, PDE损失: 0.004149424754792736, 数据损失: 0.02640098730279576, LR: 0.0001
迭代 423/10001, 总损失: 0.015164, PDE损失: 0.004484931918947647, 数据损失: 0.025842801603998634, LR: 0.0001
迭代 424/10001, 总损失: 0.017158, PDE损失: 0.006899334008007177, 数据损失: 0.02741665683598036, LR: 0.0001
迭代 425/10001, 总损失: 0.015723, PDE损失: 0.005086263944533476, 数据损失: 0.026359239909132675, LR: 0.0001
迭代 426/10001, 总损失: 0.016899, PDE损失: 0.0048278686798377225, 数据损失: 0.028970849373200463, LR: 0.0001
迭代 427/10001, 总损失: 0.016067, PDE损失: 0.005077514169637912, 数据损失: 0.02705664533312388, LR: 0.0001
迭代 428/10001, 总损失: 0.016246, PDE损失: 0.0045094755076293255, 数据损失: 0.027982251790706954, LR: 0.0001
迭代 429/10001, 总损失: 0.015228, PDE损失: 0.004605143270011814, 数据损失: 0.025850379673231925, LR: 0.0001
迭代 430/10001, 总损失: 0.022344, PDE损失: 0.007133041430885593, 数据损失: 0.037554087704934534, LR: 0.0001
迭代 431/10001, 总损失: 0.015749, PDE损失: 0.004841117894448828, 数据损失: 0.026656535476268756, LR: 0.0001
迭代 432/10001, 总损失: 0.015963, PDE损失: 0.004263473274130817, 数据损失: 0.027663353453612045, LR: 0.0001
迭代 433/10001, 总损失: 0.016024, PDE损失: 0.005296026754270618, 数据损失: 0.02675243881752803, LR: 0.0001
迭代 434/10001, 总损失: 0.016228, PDE损失: 0.004554498377339249, 数据损失: 0.02790214725038303, LR: 0.0001
迭代 435/10001, 总损失: 0.014829, PDE损失: 0.004044399813643568, 数据损失: 0.025613696774512175, LR: 0.0001
迭代 436/10001, 总损失: 0.017096, PDE损失: 0.005918462933290617, 数据损失: 0.028273827296548655, LR: 0.0001
迭代 437/10001, 总损失: 0.016114, PDE损失: 0.0051492789609169235, 数据损失: 0.027078494906336778, LR: 0.0001
迭代 438/10001, 总损失: 0.017218, PDE损失: 0.004863797966252258, 数据损失: 0.029572675021232238, LR: 0.0001
迭代 439/10001, 总损失: 0.015023, PDE损失: 0.004452938101686803, 数据损失: 0.02559378033315408, LR: 0.0001
迭代 440/10001, 总损失: 0.015316, PDE损失: 0.00408397765672167, 数据损失: 0.026548614947214014, LR: 0.0001
迭代 441/10001, 总损失: 0.014927, PDE损失: 0.004451261764708241, 数据损失: 0.02540329380315684, LR: 0.0001
迭代 442/10001, 总损失: 0.015491, PDE损失: 0.00461321654369212, 数据损失: 0.026367970681305797, LR: 0.0001
迭代 443/10001, 总损失: 0.015586, PDE损失: 0.004811299095828352, 数据损失: 0.026359766106387333, LR: 0.0001
迭代 444/10001, 总损失: 0.016364, PDE损失: 0.004265211417943993, 数据损失: 0.02846229089690106, LR: 0.0001
迭代 445/10001, 总损失: 0.014816, PDE损失: 0.004348757584618094, 数据损失: 0.02528263165038966, LR: 0.0001
迭代 446/10001, 总损失: 0.017791, PDE损失: 0.006123442971286187, 数据损失: 0.029459477457705708, LR: 0.0001
迭代 447/10001, 总损失: 0.015381, PDE损失: 0.004789755566716416, 数据损失: 0.025972766480186864, LR: 0.0001
迭代 448/10001, 总损失: 0.016058, PDE损失: 0.004804417345440015, 数据损失: 0.027311739046126604, LR: 0.0001
迭代 449/10001, 总损失: 0.015187, PDE损失: 0.004427624010575181, 数据损失: 0.025945477442638504, LR: 0.0001
迭代 450/10001, 总损失: 0.015279, PDE损失: 0.00460428386993174, 数据损失: 0.025953247993519262, LR: 0.0001
============================================================
模型预测性能指标汇总：valid_without_fine_tune
============================================================

【实部】
MSE: 0.121249
MAE: 0.945447
R²:  0.985299

【虚部】
MSE: 0.121455
MAE: 0.946964
R²:  0.985248
============================================================
模型预测性能指标汇总：train
============================================================

【实部】
MSE: 0.137097
MAE: 0.899664
R²:  0.981204

【虚部】
MSE: 0.140058
MAE: 0.905244
R²:  0.980379
============================================================
模型预测性能指标汇总：Marmousi
============================================================

【实部】
MSE: 0.197600
MAE: 0.942542
R²:  0.960952

【虚部】
MSE: 0.192538
MAE: 0.907377
R²:  0.962927
迭代 451/10001, 总损失: 0.015141, PDE损失: 0.004757951408031485, 数据损失: 0.025524040955739718, LR: 0.0001
迭代 452/10001, 总损失: 0.019368, PDE损失: 0.004946756426111928, 数据损失: 0.033789759512902015, LR: 0.0001
迭代 453/10001, 总损失: 0.015259, PDE损失: 0.004543151680818049, 数据损失: 0.025974763790145516, LR: 0.0001
迭代 454/10001, 总损失: 0.015141, PDE损失: 0.0036933276909015453, 数据损失: 0.026588539764772923, LR: 0.0001
迭代 455/10001, 总损失: 0.015029, PDE损失: 0.004298786850302436, 数据损失: 0.025759184162043744, LR: 0.0001
迭代 456/10001, 总损失: 0.015439, PDE损失: 0.004711170513820391, 数据损失: 0.026167293389638264, LR: 0.0001
迭代 457/10001, 总损失: 0.015250, PDE损失: 0.004619040525063784, 数据损失: 0.02588169102645701, LR: 0.0001
迭代 458/10001, 总损失: 0.016020, PDE损失: 0.004373539013959956, 数据损失: 0.027667255501174146, LR: 0.0001
迭代 459/10001, 总损失: 0.014801, PDE损失: 0.004371942482456299, 数据损失: 0.025229447202513085, LR: 0.0001
迭代 460/10001, 总损失: 0.015948, PDE损失: 0.004139860780837591, 数据损失: 0.027756413544661233, LR: 0.0001
迭代 461/10001, 总损失: 0.014927, PDE损失: 0.004438666936558937, 数据损失: 0.02541565732376295, LR: 0.0001
迭代 462/10001, 总损失: 0.015351, PDE损失: 0.003912993241794452, 数据损失: 0.026788094058810247, LR: 0.0001
迭代 463/10001, 总损失: 0.015232, PDE损失: 0.004872641957869443, 数据损失: 0.02559060214220413, LR: 0.0001
迭代 464/10001, 总损失: 0.016022, PDE损失: 0.0043522983143616115, 数据损失: 0.027692556846886873, LR: 0.0001
迭代 465/10001, 总损失: 0.014646, PDE损失: 0.004072638552142529, 数据损失: 0.02521876917342611, LR: 0.0001
迭代 466/10001, 总损失: 0.016079, PDE损失: 0.005106646215565325, 数据损失: 0.027050430182411912, LR: 0.0001
迭代 467/10001, 总损失: 0.015194, PDE损失: 0.0048988784512316455, 数据损失: 0.0254882032084944, LR: 0.0001
迭代 468/10001, 总损失: 0.015199, PDE损失: 0.0037980059777120395, 数据损失: 0.026600827485145556, LR: 0.0001
迭代 469/10001, 总损失: 0.015361, PDE损失: 0.004368276397664366, 数据损失: 0.026352991416518177, LR: 0.0001
迭代 470/10001, 总损失: 0.016218, PDE损失: 0.0047537154411353795, 数据损失: 0.027682012667702066, LR: 0.0001
迭代 471/10001, 总损失: 0.015052, PDE损失: 0.00466303267499565, 数据损失: 0.025440056181867562, LR: 0.0001
迭代 472/10001, 总损失: 0.015883, PDE损失: 0.0037068780421534377, 数据损失: 0.02805836810286911, LR: 0.0001
迭代 473/10001, 总损失: 0.014155, PDE损失: 0.003967869985249958, 数据损失: 0.02434177789837122, LR: 0.0001
迭代 474/10001, 总损失: 0.015466, PDE损失: 0.004182141137010019, 数据损失: 0.026750626230967186, LR: 0.0001
迭代 475/10001, 总损失: 0.014602, PDE损失: 0.004236800465843685, 数据损失: 0.02496747301691877, LR: 0.0001
迭代 476/10001, 总损失: 0.014949, PDE损失: 0.0038498493183093765, 数据损失: 0.026047770333077227, LR: 0.0001
迭代 477/10001, 总损失: 0.015645, PDE损失: 0.005049170793860131, 数据损失: 0.026241328861076562, LR: 0.0001
迭代 478/10001, 总损失: 0.016357, PDE损失: 0.00501028832513839, 数据损失: 0.02770342491567135, LR: 0.0001
迭代 479/10001, 总损失: 0.014650, PDE损失: 0.004414079301308708, 数据损失: 0.024885491085504845, LR: 0.0001
迭代 480/10001, 总损失: 0.016239, PDE损失: 0.0047205005927632255, 数据损失: 0.0277573946042962, LR: 0.0001
迭代 481/10001, 总损失: 0.015047, PDE损失: 0.004387116844771386, 数据损失: 0.025707424978636914, LR: 0.0001
迭代 482/10001, 总损失: 0.014985, PDE损失: 0.004588722372621608, 数据损失: 0.025380626803130975, LR: 0.0001
迭代 483/10001, 总损失: 0.014456, PDE损失: 0.004403898000462158, 数据损失: 0.02450909331396577, LR: 0.0001
迭代 484/10001, 总损失: 0.016802, PDE损失: 0.007229157827428675, 数据损失: 0.026374062201717778, LR: 0.0001
迭代 485/10001, 总损失: 0.014589, PDE损失: 0.004270937593121614, 数据损失: 0.02490631141145492, LR: 0.0001
迭代 486/10001, 总损失: 0.016254, PDE损失: 0.005117548346918609, 数据损失: 0.027389898857412238, LR: 0.0001
迭代 487/10001, 总损失: 0.015413, PDE损失: 0.0051496056354759885, 数据损失: 0.025676945362994003, LR: 0.0001
迭代 488/10001, 总损失: 0.023090, PDE损失: 0.0039399469595602045, 数据损失: 0.042240546084940434, LR: 0.0001
迭代 489/10001, 总损失: 0.014307, PDE损失: 0.0038751992507882064, 数据损失: 0.024738000500725492, LR: 0.0001
迭代 490/10001, 总损失: 0.014768, PDE损失: 0.003722870090444173, 数据损失: 0.02581248035477031, LR: 0.0001
迭代 491/10001, 总损失: 0.015066, PDE损失: 0.004790392012745585, 数据损失: 0.025340961885549837, LR: 0.0001
迭代 492/10001, 总损失: 0.015812, PDE损失: 0.005225024071738257, 数据损失: 0.026399325318856255, LR: 0.0001
迭代 493/10001, 总损失: 0.014787, PDE损失: 0.004572300263264749, 数据损失: 0.02500172752410262, LR: 0.0001
迭代 494/10001, 总损失: 0.016552, PDE损失: 0.005201589589151332, 数据损失: 0.027902508043639716, LR: 0.0001
迭代 495/10001, 总损失: 0.014105, PDE损失: 0.003864596306812018, 数据损失: 0.024344843889897067, LR: 0.0001
迭代 496/10001, 总损失: 0.014547, PDE损失: 0.0032929224717441856, 数据损失: 0.025800993383329893, LR: 0.0001
迭代 497/10001, 总损失: 0.014674, PDE损失: 0.004304515640667107, 数据损失: 0.025043926639704124, LR: 0.0001
迭代 498/10001, 总损失: 0.015481, PDE损失: 0.004452611034918975, 数据损失: 0.026509730405883773, LR: 0.0001
迭代 499/10001, 总损失: 0.014762, PDE损失: 0.00477570415144631, 数据损失: 0.024747738714462945, LR: 0.0001
迭代 500/10001, 总损失: 0.016959, PDE损失: 0.006514961034381052, 数据损失: 0.02740286733578181, LR: 0.0001
============================================================
模型预测性能指标汇总：valid_without_fine_tune
============================================================

【实部】
MSE: 0.105881
MAE: 0.797486
R²:  0.988789

【虚部】
MSE: 0.105232
MAE: 0.806096
R²:  0.988925
============================================================
模型预测性能指标汇总：train
============================================================

【实部】
MSE: 0.141029
MAE: 0.896618
R²:  0.980111

【虚部】
MSE: 0.145324
MAE: 0.918643
R²:  0.978876
============================================================
模型预测性能指标汇总：Marmousi
============================================================

【实部】
MSE: 0.209892
MAE: 0.993252
R²:  0.955943

【虚部】
MSE: 0.203309
MAE: 0.947940
R²:  0.958664
迭代 501/10001, 总损失: 0.014268, PDE损失: 0.004092239544011785, 数据损失: 0.024443289675262003, LR: 0.0001
迭代 502/10001, 总损失: 0.015064, PDE损失: 0.004101182179597561, 数据损失: 0.026027468277052754, LR: 0.0001
迭代 503/10001, 总损失: 0.014176, PDE损失: 0.003975921062408902, 数据损失: 0.024375309169824635, LR: 0.0001
迭代 504/10001, 总损失: 0.015194, PDE损失: 0.004113486165546679, 数据损失: 0.026274081125545006, LR: 0.0001
迭代 505/10001, 总损失: 0.014727, PDE损失: 0.004645837254689208, 数据损失: 0.024808085822899426, LR: 0.0001
迭代 506/10001, 总损失: 0.014679, PDE损失: 0.003490341794011848, 数据损失: 0.02586704420502342, LR: 0.0001
迭代 507/10001, 总损失: 0.014476, PDE损失: 0.00422030582419774, 数据损失: 0.024731687015099896, LR: 0.0001
迭代 508/10001, 总损失: 0.013808, PDE损失: 0.003402706298705501, 数据损失: 0.02421345745789863, LR: 0.0001
迭代 509/10001, 总损失: 0.014374, PDE损失: 0.004187126783238325, 数据损失: 0.024560558288136407, LR: 0.0001
迭代 510/10001, 总损失: 0.014581, PDE损失: 0.004093602418877362, 数据损失: 0.025068204262338224, LR: 0.0001
迭代 511/10001, 总损失: 0.014336, PDE损失: 0.004300038047534015, 数据损失: 0.02437129935493604, LR: 0.0001
迭代 512/10001, 总损失: 0.017138, PDE损失: 0.0040128161400345905, 数据损失: 0.030262883674974244, LR: 0.0001
迭代 513/10001, 总损失: 0.014302, PDE损失: 0.00424406148210567, 数据损失: 0.02435924896105592, LR: 0.0001
迭代 514/10001, 总损失: 0.015951, PDE损失: 0.004001017655744883, 数据损失: 0.027900601975575444, LR: 0.0001
迭代 515/10001, 总损失: 0.015094, PDE损失: 0.0050760449784796775, 数据损失: 0.02511149227419602, LR: 0.0001
迭代 516/10001, 总损失: 0.014525, PDE损失: 0.0040176304402328765, 数据损失: 0.02503220973137234, LR: 0.0001
迭代 517/10001, 总损失: 0.013871, PDE损失: 0.0037681520729425494, 数据损失: 0.023973196165614007, LR: 0.0001
迭代 518/10001, 总损失: 0.015257, PDE损失: 0.0036530886704678692, 数据损失: 0.02686111035845464, LR: 0.0001
迭代 519/10001, 总损失: 0.014086, PDE损失: 0.004049135243847212, 数据损失: 0.024123509364601756, LR: 0.0001
迭代 520/10001, 总损失: 0.015518, PDE损失: 0.00455438550367641, 数据损失: 0.026482221559577045, LR: 0.0001
迭代 521/10001, 总损失: 0.014798, PDE损失: 0.004513956412362556, 数据损失: 0.025082861247938126, LR: 0.0001
迭代 522/10001, 总损失: 0.014310, PDE损失: 0.0034397540009757947, 数据损失: 0.025180350756272674, LR: 0.0001
迭代 523/10001, 总损失: 0.013970, PDE损失: 0.003942998091501761, 数据损失: 0.02399680965823964, LR: 0.0001
迭代 524/10001, 总损失: 0.017589, PDE损失: 0.005819129521287756, 数据损失: 0.029358716648338095, LR: 0.0001
迭代 525/10001, 总损失: 0.015059, PDE损失: 0.004815336745758984, 数据损失: 0.025302616904290125, LR: 0.0001
迭代 526/10001, 总损失: 0.014549, PDE损失: 0.0039878010395027344, 数据损失: 0.02511051352623673, LR: 0.0001
迭代 527/10001, 总损失: 0.013982, PDE损失: 0.0039411583586895305, 数据损失: 0.024022948063377823, LR: 0.0001
迭代 528/10001, 总损失: 0.014733, PDE损失: 0.003957477511167305, 数据损失: 0.025509251348142113, LR: 0.0001
迭代 529/10001, 总损失: 0.014113, PDE损失: 0.004040572610046226, 数据损失: 0.024184578996417776, LR: 0.0001
迭代 530/10001, 总损失: 0.014682, PDE损失: 0.0035620981798274443, 数据损失: 0.025801382997694116, LR: 0.0001
迭代 531/10001, 总损失: 0.013946, PDE损失: 0.004013187310885682, 数据损失: 0.023878393206922782, LR: 0.0001
迭代 532/10001, 总损失: 0.015456, PDE损失: 0.005125342209967563, 数据损失: 0.025787120945529922, LR: 0.0001
迭代 533/10001, 总损失: 0.014282, PDE损失: 0.004350740869995207, 数据损失: 0.024213048147170672, LR: 0.0001
迭代 534/10001, 总损失: 0.015282, PDE损失: 0.004305453679990023, 数据损失: 0.02625807963999077, LR: 0.0001
迭代 535/10001, 总损失: 0.013934, PDE损失: 0.004045861589561571, 数据损失: 0.023822012285347142, LR: 0.0001
迭代 536/10001, 总损失: 0.015124, PDE损失: 0.003485153445840946, 数据损失: 0.02676190094401439, LR: 0.0001
迭代 537/10001, 总损失: 0.013974, PDE损失: 0.004112320123351223, 数据损失: 0.02383590695847358, LR: 0.0001
迭代 538/10001, 总损失: 0.013930, PDE损失: 0.0034771877482333885, 数据损失: 0.024383760345656248, LR: 0.0001
迭代 539/10001, 总损失: 0.014148, PDE损失: 0.004030904943300854, 数据损失: 0.024264691563855325, LR: 0.0001
迭代 540/10001, 总损失: 0.014147, PDE损失: 0.003729694290086627, 数据损失: 0.02456370482797779, LR: 9e-05
迭代 541/10001, 总损失: 0.013286, PDE损失: 0.0035493114819040612, 数据损失: 0.023023521627432535, LR: 9e-05
迭代 542/10001, 总损失: 0.015264, PDE损失: 0.004336517453165946, 数据损失: 0.026192090241238475, LR: 9e-05
迭代 543/10001, 总损失: 0.013379, PDE损失: 0.003610610518427122, 数据损失: 0.02314787418193494, LR: 9e-05
迭代 544/10001, 总损失: 0.013757, PDE损失: 0.003483588509317044, 数据损失: 0.024031411069223567, LR: 9e-05
迭代 545/10001, 总损失: 0.013816, PDE损失: 0.004126959478959353, 数据损失: 0.02350589132956451, LR: 9e-05
迭代 546/10001, 总损失: 0.015710, PDE损失: 0.005459246348999884, 数据损失: 0.025960012887870625, LR: 9e-05
迭代 547/10001, 总损失: 0.014126, PDE损失: 0.004388507487463011, 数据损失: 0.023864067239975112, LR: 9e-05
迭代 548/10001, 总损失: 0.013493, PDE损失: 0.003584729787516629, 数据损失: 0.023400470847263932, LR: 9e-05
迭代 549/10001, 总损失: 0.013948, PDE损失: 0.003937022893556527, 数据损失: 0.023958018692653803, LR: 9e-05
迭代 550/10001, 总损失: 0.014203, PDE损失: 0.0037710945311811798, 数据损失: 0.02463401860136184, LR: 9e-05
============================================================
模型预测性能指标汇总：valid_without_fine_tune
============================================================

【实部】
MSE: 0.110166
MAE: 0.837170
R²:  0.987863

【虚部】
MSE: 0.111921
MAE: 0.847316
R²:  0.987473
============================================================
模型预测性能指标汇总：train
============================================================

【实部】
MSE: 0.149728
MAE: 0.956263
R²:  0.977581

【虚部】
MSE: 0.155098
MAE: 0.981782
R²:  0.975939
============================================================
模型预测性能指标汇总：Marmousi
============================================================

【实部】
MSE: 0.221817
MAE: 1.066595
R²:  0.950795

【虚部】
MSE: 0.214475
MAE: 1.035781
R²:  0.953998
迭代 551/10001, 总损失: 0.013363, PDE损失: 0.0035386846083427024, 数据损失: 0.023187152542439953, LR: 9e-05
迭代 552/10001, 总损失: 0.013510, PDE损失: 0.0037070394485324088, 数据损失: 0.023312331767686243, LR: 9e-05
迭代 553/10001, 总损失: 0.013405, PDE损失: 0.0037659337997735876, 数据损失: 0.02304376022047585, LR: 9e-05
迭代 554/10001, 总损失: 0.015114, PDE损失: 0.00367271031358368, 数据损失: 0.026556126889772713, LR: 9e-05
迭代 555/10001, 总损失: 0.015173, PDE损失: 0.004172988590047074, 数据损失: 0.02617267914770526, LR: 9e-05
迭代 556/10001, 总损失: 0.013825, PDE损失: 0.0032265756460782584, 数据损失: 0.024422649975999126, LR: 9e-05
迭代 557/10001, 总损失: 0.013588, PDE损失: 0.004303717685009663, 数据损失: 0.02287197886644641, LR: 9e-05
迭代 558/10001, 总损失: 0.013561, PDE损失: 0.0030827518986327397, 数据损失: 0.02403896682274838, LR: 9e-05
迭代 559/10001, 总损失: 0.013202, PDE损失: 0.0035306884909957824, 数据损失: 0.02287323267332145, LR: 9e-05
迭代 560/10001, 总损失: 0.014021, PDE损失: 0.00345318867350995, 数据损失: 0.024587941633182623, LR: 9e-05
迭代 561/10001, 总损失: 0.013394, PDE损失: 0.0037630153023028036, 数据损失: 0.023024723770850825, LR: 9e-05
迭代 562/10001, 总损失: 0.015064, PDE损失: 0.0032846768105324977, 数据损失: 0.026843931891822388, LR: 9e-05
迭代 563/10001, 总损失: 0.013542, PDE损失: 0.003830950942106678, 数据损失: 0.023252342871966817, LR: 9e-05
迭代 564/10001, 总损失: 0.013990, PDE损失: 0.004297125945976447, 数据损失: 0.02368208037556282, LR: 9e-05
迭代 565/10001, 总损失: 0.013618, PDE损失: 0.0039003050541006295, 数据损失: 0.023336513760677052, LR: 9e-05
迭代 566/10001, 总损失: 0.015035, PDE损失: 0.00428992384279679, 数据损失: 0.025780889959562393, LR: 9e-05
迭代 567/10001, 总损失: 0.013542, PDE损失: 0.0039194652261877695, 数据损失: 0.023164164244441225, LR: 9e-05
迭代 568/10001, 总损失: 0.014572, PDE损失: 0.0039350077540369795, 数据损失: 0.025208746820377808, LR: 9e-05
迭代 569/10001, 总损失: 0.013455, PDE损失: 0.0038516281811531543, 数据损失: 0.023058688259750073, LR: 9e-05
迭代 570/10001, 总损失: 0.015205, PDE损失: 0.005204226733656556, 数据损失: 0.02520555118098855, LR: 9e-05
迭代 571/10001, 总损失: 0.013261, PDE损失: 0.003670068355166309, 数据损失: 0.022852177171790528, LR: 9e-05
迭代 572/10001, 总损失: 0.015105, PDE损失: 0.004300292927793981, 数据损失: 0.025909644412985516, LR: 9e-05
迭代 573/10001, 总损失: 0.013554, PDE损失: 0.0038766078373772047, 数据损失: 0.02323068254294672, LR: 9e-05
迭代 574/10001, 总损失: 0.013903, PDE损失: 0.0038509819382202943, 数据损失: 0.02395511399732814, LR: 9e-05
迭代 575/10001, 总损失: 0.013500, PDE损失: 0.0037962429674475323, 数据损失: 0.02320306367861728, LR: 9e-05
迭代 576/10001, 总损失: 0.015041, PDE损失: 0.004385595744852686, 数据损失: 0.025695906065049626, LR: 9e-05
迭代 577/10001, 总损失: 0.013181, PDE损失: 0.003626492918036612, 数据损失: 0.022734530281186813, LR: 9e-05
迭代 578/10001, 总损失: 0.015237, PDE损失: 0.0044069752912037075, 数据损失: 0.026066205020816552, LR: 9e-05
迭代 579/10001, 总损失: 0.013609, PDE损失: 0.0038387348932225167, 数据损失: 0.023378822278963134, LR: 9e-05
迭代 580/10001, 总损失: 0.014419, PDE损失: 0.004252594863092305, 数据损失: 0.02458510491331773, LR: 9e-05
迭代 581/10001, 总损失: 0.013489, PDE损失: 0.003929487866809636, 数据损失: 0.023047595905760925, LR: 9e-05
迭代 582/10001, 总损失: 0.013730, PDE损失: 0.0031844627332507764, 数据损失: 0.024275287747427467, LR: 9e-05
迭代 583/10001, 总损失: 0.013256, PDE损失: 0.0036716395815823318, 数据损失: 0.022840178496803025, LR: 9e-05
迭代 584/10001, 总损失: 0.013850, PDE损失: 0.003732363396141279, 数据损失: 0.023967872174190625, LR: 9e-05
迭代 585/10001, 总损失: 0.013157, PDE损失: 0.0036505810629543184, 数据损失: 0.022663372349814467, LR: 9e-05
迭代 586/10001, 总损失: 0.014590, PDE损失: 0.0035379172893174526, 数据损失: 0.025642324898702402, LR: 9e-05
迭代 587/10001, 总损失: 0.013599, PDE损失: 0.003911197174429184, 数据损失: 0.023286515245369326, LR: 9e-05
迭代 588/10001, 总损失: 0.014779, PDE损失: 0.0038230110332646986, 数据损失: 0.025734592716963517, LR: 9e-05
迭代 589/10001, 总损失: 0.013271, PDE损失: 0.0037111765199196746, 数据损失: 0.022830168910635013, LR: 9e-05
迭代 590/10001, 总损失: 0.014420, PDE损失: 0.003350072200798119, 数据损失: 0.025490492299598242, LR: 9e-05
迭代 591/10001, 总损失: 0.013405, PDE损失: 0.003857169710543184, 数据损失: 0.02295327726807002, LR: 9e-05
迭代 592/10001, 总损失: 0.014162, PDE损失: 0.0036119465131334784, 数据损失: 0.024711226007812434, LR: 9e-05
迭代 593/10001, 总损失: 0.013051, PDE损失: 0.003502322112104767, 数据损失: 0.022600557508191003, LR: 9e-05
迭代 594/10001, 总损失: 0.013574, PDE损失: 0.003322463241472308, 数据损失: 0.023825391434088704, LR: 9e-05
迭代 595/10001, 总损失: 0.013430, PDE损失: 0.003937904691112982, 数据损失: 0.02292245639754193, LR: 9e-05
迭代 596/10001, 总损失: 0.026696, PDE损失: 0.01049078723354753, 数据损失: 0.04290161515763473, LR: 9e-05
迭代 597/10001, 总损失: 0.013398, PDE损失: 0.0038661743199641238, 数据损失: 0.022930329524180188, LR: 9e-05
迭代 598/10001, 总损失: 0.013460, PDE损失: 0.0034852127033186014, 数据损失: 0.02343426630388768, LR: 9e-05
迭代 599/10001, 总损失: 0.013280, PDE损失: 0.0038307788469994974, 数据损失: 0.02272912292530583, LR: 9e-05
迭代 600/10001, 总损失: 0.015202, PDE损失: 0.0036083064644896823, 数据损失: 0.02679602474173797, LR: 9e-05
============================================================
模型预测性能指标汇总：valid_without_fine_tune
============================================================

【实部】
MSE: 0.131525
MAE: 0.963302
R²:  0.982701

【虚部】
MSE: 0.135767
MAE: 0.997232
R²:  0.981566
============================================================
模型预测性能指标汇总：train
============================================================

【实部】
MSE: 0.155329
MAE: 0.995358
R²:  0.975873

【虚部】
MSE: 0.157251
MAE: 1.007223
R²:  0.975266
============================================================
模型预测性能指标汇总：Marmousi
============================================================

【实部】
MSE: 0.144211
MAE: 0.652604
R²:  0.979202

【虚部】
MSE: 0.149845
MAE: 0.676178
R²:  0.977545
迭代 601/10001, 总损失: 0.013546, PDE损失: 0.003961524476402528, 数据损失: 0.023130863683209532, LR: 9e-05
迭代 602/10001, 总损失: 0.013199, PDE损失: 0.0033260453138999374, 数据损失: 0.023071755705002164, LR: 9e-05
迭代 603/10001, 总损失: 0.012969, PDE损失: 0.0038338918834813825, 数据损失: 0.02210470003220031, LR: 9e-05
迭代 604/10001, 总损失: 0.014773, PDE损失: 0.003255070440770526, 数据损失: 0.02629171259191242, LR: 9e-05
迭代 605/10001, 总损失: 0.013399, PDE损失: 0.003820862934281606, 数据损失: 0.02297782825882591, LR: 9e-05
迭代 606/10001, 总损失: 0.014873, PDE损失: 0.004032506793876001, 数据损失: 0.02571431635546365, LR: 9e-05
迭代 607/10001, 总损失: 0.013075, PDE损失: 0.003643211456836157, 数据损失: 0.02250591269971448, LR: 9e-05
迭代 608/10001, 总损失: 0.013529, PDE损失: 0.0035135643023143834, 数据损失: 0.023545076621563306, LR: 9e-05
迭代 609/10001, 总损失: 0.012953, PDE损失: 0.0035055453419252963, 数据损失: 0.02240004838399944, LR: 9e-05
迭代 610/10001, 总损失: 0.014556, PDE损失: 0.003660012300575285, 数据损失: 0.025452473649888167, LR: 9e-05
迭代 611/10001, 总损失: 0.014144, PDE损失: 0.004645671266535785, 数据损失: 0.023641777310764327, LR: 9e-05
迭代 612/10001, 总损失: 0.013231, PDE损失: 0.002996229881925198, 数据损失: 0.02346535717203681, LR: 9e-05
迭代 613/10001, 总损失: 0.012887, PDE损失: 0.0034968143050459082, 数据损失: 0.02227673043186466, LR: 9e-05
迭代 614/10001, 总损失: 0.013014, PDE损失: 0.0031576403513705977, 数据损失: 0.02287026146049833, LR: 9e-05
迭代 615/10001, 总损失: 0.013161, PDE损失: 0.0038365157836649033, 数据损失: 0.02248571382369846, LR: 9e-05
迭代 616/10001, 总损失: 0.017209, PDE损失: 0.006148537891151916, 数据损失: 0.028269819166910435, LR: 9e-05
迭代 617/10001, 总损失: 0.013289, PDE损失: 0.003889846937021329, 数据损失: 0.02268745738270116, LR: 9e-05
迭代 618/10001, 总损失: 0.013035, PDE损失: 0.0033012395793949032, 数据损失: 0.022769699804484844, LR: 9e-05
迭代 619/10001, 总损失: 0.012862, PDE损失: 0.0035220025685183437, 数据损失: 0.02220118632872722, LR: 9e-05
迭代 620/10001, 总损失: 0.013513, PDE损失: 0.0035868799272325952, 数据损失: 0.02343941828058589, LR: 9e-05
迭代 621/10001, 总损失: 0.012936, PDE损失: 0.0035891971894584243, 数据损失: 0.02228296908461267, LR: 9e-05
迭代 622/10001, 总损失: 0.014552, PDE损失: 0.0035068911467013614, 数据损失: 0.025597348127381077, LR: 9e-05
迭代 623/10001, 总损失: 0.013472, PDE损失: 0.00413261050111725, 数据损失: 0.022810957868516977, LR: 9e-05
迭代 624/10001, 总损失: 0.015081, PDE损失: 0.004721005465225538, 数据损失: 0.02544162033813163, LR: 9e-05
迭代 625/10001, 总损失: 0.012819, PDE损失: 0.0034698859547331396, 数据损失: 0.02216781408060342, LR: 9e-05
迭代 626/10001, 总损失: 0.014478, PDE损失: 0.004313942372737941, 数据损失: 0.02464122480956749, LR: 9e-05
迭代 627/10001, 总损失: 0.012983, PDE损失: 0.003702029285791685, 数据损失: 0.02226384545099877, LR: 9e-05
迭代 628/10001, 总损失: 0.013676, PDE损失: 0.0034485906882244827, 数据损失: 0.023902686091051215, LR: 9e-05
迭代 629/10001, 总损失: 0.013164, PDE损失: 0.003927694458980113, 数据损失: 0.022399725253871156, LR: 9e-05
迭代 630/10001, 总损失: 0.013457, PDE损失: 0.003131293642495404, 数据损失: 0.023782056401528064, LR: 9e-05
迭代 631/10001, 总损失: 0.012935, PDE损失: 0.003501624331831755, 数据损失: 0.022368631192616055, LR: 9e-05
迭代 632/10001, 总损失: 0.013276, PDE损失: 0.0029758761617510268, 数据损失: 0.02357611263592151, LR: 9e-05
迭代 633/10001, 总损失: 0.012732, PDE损失: 0.0033824615543597333, 数据损失: 0.02208198386887532, LR: 9e-05
迭代 634/10001, 总损失: 0.013325, PDE损失: 0.0034731464714111227, 数据损失: 0.023176318777370312, LR: 9e-05
迭代 635/10001, 总损失: 0.012600, PDE损失: 0.003445913399835782, 数据损失: 0.02175395882001058, LR: 9e-05
迭代 636/10001, 总损失: 0.014292, PDE损失: 0.004458200374280014, 数据损失: 0.024126267687062778, LR: 9e-05
迭代 637/10001, 总损失: 0.013504, PDE损失: 0.004260506911946106, 数据损失: 0.022748039026434224, LR: 9e-05
迭代 638/10001, 总损失: 0.013496, PDE损失: 0.003436194735557018, 数据损失: 0.023555497760840115, LR: 9e-05
迭代 639/10001, 总损失: 0.012696, PDE损失: 0.0034218429008476613, 数据损失: 0.02197021500407053, LR: 9e-05
迭代 640/10001, 总损失: 0.014752, PDE损失: 0.004845371683283399, 数据损失: 0.02465872045805944, LR: 9e-05
迭代 641/10001, 总损失: 0.013091, PDE损失: 0.003836005057867927, 数据损失: 0.02234693447549251, LR: 9e-05
迭代 642/10001, 总损失: 0.013392, PDE损失: 0.003062617432858263, 数据损失: 0.023720603247749664, LR: 9e-05
迭代 643/10001, 总损失: 0.014612, PDE损失: 0.004365889319506962, 数据损失: 0.024858853192112985, LR: 9e-05
迭代 644/10001, 总损失: 0.012661, PDE损失: 0.0030284827613892653, 数据损失: 0.022294429823800567, LR: 9e-05
迭代 645/10001, 总损失: 0.012369, PDE损失: 0.0033157380135630126, 数据损失: 0.021422196454035917, LR: 9e-05
迭代 646/10001, 总损失: 0.014163, PDE损失: 0.0033406773512806034, 数据损失: 0.02498482348441723, LR: 9e-05
迭代 647/10001, 总损失: 0.012537, PDE损失: 0.0035054477595535686, 数据损失: 0.021567781508478913, LR: 9e-05
迭代 648/10001, 总损失: 0.013369, PDE损失: 0.0033258683425152584, 数据损失: 0.023412857115978285, LR: 9e-05
迭代 649/10001, 总损失: 0.013146, PDE损失: 0.0039042718805527934, 数据损失: 0.022388220967037513, LR: 9e-05
迭代 650/10001, 总损失: 0.017134, PDE损失: 0.007044214746288378, 数据损失: 0.02722423372324556, LR: 9e-05
============================================================
模型预测性能指标汇总：valid_without_fine_tune
============================================================

【实部】
MSE: 0.156359
MAE: 1.202976
R²:  0.975552

【虚部】
MSE: 0.158707
MAE: 1.235154
R²:  0.974810
============================================================
模型预测性能指标汇总：train
============================================================

【实部】
MSE: 0.137133
MAE: 0.881189
R²:  0.981194

【虚部】
MSE: 0.142190
MAE: 0.903594
R²:  0.979777
============================================================
模型预测性能指标汇总：Marmousi
============================================================

【实部】
MSE: 0.218501
MAE: 0.990363
R²:  0.952255

【虚部】
MSE: 0.211319
MAE: 0.936625
R²:  0.955342
迭代 651/10001, 总损失: 0.012786, PDE损失: 0.0037342429707115073, 数据损失: 0.02183691439651219, LR: 9e-05
迭代 652/10001, 总损失: 0.015131, PDE损失: 0.004515545299260079, 数据损失: 0.02574710103882743, LR: 9e-05
迭代 653/10001, 总损失: 0.012899, PDE损失: 0.0036685686548783756, 数据损失: 0.0221303027550069, LR: 9e-05
迭代 654/10001, 总损失: 0.013599, PDE损失: 0.00401661399103302, 数据损失: 0.023181080613063558, LR: 9e-05
迭代 655/10001, 总损失: 0.012724, PDE损失: 0.003468879450034971, 数据损失: 0.021979986121767155, LR: 9e-05
迭代 656/10001, 总损失: 0.013703, PDE损失: 0.0036268548837618993, 数据损失: 0.023779491555788332, LR: 9e-05
迭代 657/10001, 总损失: 0.013472, PDE损失: 0.003999371154350229, 数据损失: 0.022944060999656186, LR: 9e-05
迭代 658/10001, 总损失: 0.014650, PDE损失: 0.0033936996437010486, 数据损失: 0.025905331458142472, LR: 9e-05
迭代 659/10001, 总损失: 0.012363, PDE损失: 0.003356278476920644, 数据损失: 0.021369296461454638, LR: 9e-05
迭代 660/10001, 总损失: 0.013818, PDE损失: 0.00336159963002761, 数据损失: 0.02427349150890396, LR: 9e-05
迭代 661/10001, 总损失: 0.012587, PDE损失: 0.0034220761708205656, 数据损失: 0.021751327320955516, LR: 9e-05
迭代 662/10001, 总损失: 0.014281, PDE损失: 0.00405852389424884, 数据损失: 0.024503201407025613, LR: 9e-05
迭代 663/10001, 总损失: 0.012592, PDE损失: 0.003448218335203516, 数据损失: 0.02173600719487738, LR: 9e-05
迭代 664/10001, 总损失: 0.013639, PDE损失: 0.003326101131582012, 数据损失: 0.023952697963631225, LR: 9e-05
迭代 665/10001, 总损失: 0.013571, PDE损失: 0.004389539324273798, 数据损失: 0.022753089494515388, LR: 9e-05
迭代 666/10001, 总损失: 0.013851, PDE损失: 0.0036772044148251767, 数据损失: 0.024024362808891704, LR: 9e-05
迭代 667/10001, 总损失: 0.012269, PDE损失: 0.0032201082663266874, 数据损失: 0.021317925010364325, LR: 9e-05
迭代 668/10001, 总损失: 0.012911, PDE损失: 0.003018475285248964, 数据损失: 0.022803979329875716, LR: 9e-05
迭代 669/10001, 总损失: 0.013287, PDE损失: 0.0037287676594652502, 数据损失: 0.022845035823549898, LR: 9e-05
迭代 670/10001, 总损失: 0.014016, PDE损失: 0.0043554323291616695, 数据损失: 0.02367736941336521, LR: 9e-05
迭代 671/10001, 总损失: 0.012307, PDE损失: 0.0033663073187372426, 数据损失: 0.02124796780048027, LR: 9e-05
迭代 672/10001, 总损失: 0.013137, PDE损失: 0.004094198954546647, 数据损失: 0.02218048152003792, LR: 9e-05
迭代 673/10001, 总损失: 0.012561, PDE损失: 0.0034949083852725813, 数据损失: 0.021627026418822685, LR: 9e-05
迭代 674/10001, 总损失: 0.013241, PDE损失: 0.003304283573968513, 数据损失: 0.023176724279654167, LR: 9e-05
迭代 675/10001, 总损失: 0.012656, PDE损失: 0.0034646687071515424, 数据损失: 0.02184741151341725, LR: 9e-05
迭代 676/10001, 总损失: 0.014096, PDE损失: 0.004007390057917551, 数据损失: 0.02418501504386465, LR: 9e-05
迭代 677/10001, 总损失: 0.012982, PDE损失: 0.0038527030646080328, 数据损失: 0.02211183830929388, LR: 9e-05
迭代 678/10001, 总损失: 0.014564, PDE损失: 0.003938872785684431, 数据损失: 0.025189380909848427, LR: 9e-05
迭代 679/10001, 总损失: 0.012648, PDE损失: 0.003543521416196156, 数据损失: 0.021753140057193206, LR: 9e-05
迭代 680/10001, 总损失: 0.014329, PDE损失: 0.0038644614971763943, 数据损失: 0.024793105515917496, LR: 9e-05
迭代 681/10001, 总损失: 0.012519, PDE损失: 0.003386195327731825, 数据损失: 0.021652555170779426, LR: 9e-05
迭代 682/10001, 总损失: 0.012889, PDE损失: 0.0030595937818621416, 数据损失: 0.022717793882336645, LR: 9e-05
迭代 683/10001, 总损失: 0.012438, PDE损失: 0.0034804512605270638, 数据损失: 0.021395675247601633, LR: 9e-05
迭代 684/10001, 总损失: 0.014146, PDE损失: 0.003944236481662041, 数据损失: 0.0243477071247374, LR: 9e-05
迭代 685/10001, 总损失: 0.013301, PDE损失: 0.004087160728106808, 数据损失: 0.022515800900735138, LR: 9e-05
迭代 686/10001, 总损失: 0.012835, PDE损失: 0.0035435178350391133, 数据损失: 0.022125682289091248, LR: 9e-05
迭代 687/10001, 总损失: 0.012625, PDE损失: 0.003477121945165674, 数据损失: 0.021773870435676405, LR: 9e-05
迭代 688/10001, 总损失: 0.013020, PDE损失: 0.0030112706077662075, 数据损失: 0.02302940263290934, LR: 9e-05
迭代 689/10001, 总损失: 0.012755, PDE损失: 0.0038082327290404855, 数据损失: 0.021701736918961007, LR: 9e-05
迭代 690/10001, 总损失: 0.013513, PDE损失: 0.0032210603718080427, 数据损失: 0.02380427943232159, LR: 9e-05
迭代 691/10001, 总损失: 0.012585, PDE损失: 0.0034811642253771424, 数据损失: 0.021688019288592927, LR: 9e-05
迭代 692/10001, 总损失: 0.014036, PDE损失: 0.003882368646113069, 数据损失: 0.024190021451518294, LR: 9e-05
迭代 693/10001, 总损失: 0.012402, PDE损失: 0.003296202365336718, 数据损失: 0.02150712134538307, LR: 9e-05
迭代 694/10001, 总损失: 0.013292, PDE损失: 0.004449584192202781, 数据损失: 0.02213517260471625, LR: 9e-05
迭代 695/10001, 总损失: 0.012764, PDE损失: 0.003547643529600464, 数据损失: 0.02198135505230831, LR: 9e-05
迭代 696/10001, 总损失: 0.019206, PDE损失: 0.006388242578222638, 数据损失: 0.03202418020061616, LR: 9e-05
迭代 697/10001, 总损失: 0.012458, PDE损失: 0.003385686895940342, 数据损失: 0.021529986827989064, LR: 9e-05
迭代 698/10001, 总损失: 0.013807, PDE损失: 0.0030133190323665205, 数据损失: 0.024600343318611738, LR: 9e-05
迭代 699/10001, 总损失: 0.011916, PDE损失: 0.0030631332601409496, 数据损失: 0.02076953478778402, LR: 8.1e-05
迭代 700/10001, 总损失: 0.013685, PDE损失: 0.0035437220794847235, 数据损失: 0.023826043853270158, LR: 8.1e-05
============================================================
模型预测性能指标汇总：valid_without_fine_tune
============================================================

【实部】
MSE: 0.095634
MAE: 0.733549
R²:  0.990854

【虚部】
MSE: 0.097498
MAE: 0.763002
R²:  0.990493
============================================================
模型预测性能指标汇总：train
============================================================

【实部】
MSE: 0.150406
MAE: 0.995300
R²:  0.977378

【虚部】
MSE: 0.149919
MAE: 0.987803
R²:  0.977519
============================================================
模型预测性能指标汇总：Marmousi
============================================================

【实部】
MSE: 0.220481
MAE: 1.068900
R²:  0.951386

【虚部】
MSE: 0.221259
MAE: 1.072931
R²:  0.951042
迭代 701/10001, 总损失: 0.012517, PDE损失: 0.003562717020810981, 数据损失: 0.02147101820446551, LR: 8.1e-05
迭代 702/10001, 总损失: 0.014796, PDE损失: 0.004856796694747615, 数据损失: 0.02473498716773022, LR: 8.1e-05
迭代 703/10001, 总损失: 0.012117, PDE损失: 0.003179071597558158, 数据损失: 0.021054390188683533, LR: 8.1e-05
迭代 704/10001, 总损失: 0.015124, PDE损失: 0.0033453509531682357, 数据损失: 0.02690307685684058, LR: 8.1e-05
迭代 705/10001, 总损失: 0.012104, PDE损失: 0.00328242224765875, 数据损失: 0.02092497541369604, LR: 8.1e-05
迭代 706/10001, 总损失: 0.012629, PDE损失: 0.003153424297038111, 数据损失: 0.02210369411789413, LR: 8.1e-05
迭代 707/10001, 总损失: 0.012047, PDE损失: 0.0031924867653287947, 数据损失: 0.020901223716680847, LR: 8.1e-05
迭代 708/10001, 总损失: 0.012762, PDE损失: 0.0033122343946680693, 数据损失: 0.02221100058384417, LR: 8.1e-05
迭代 709/10001, 总损失: 0.012268, PDE损失: 0.003322583547699088, 数据损失: 0.021213224044047473, LR: 8.1e-05
迭代 710/10001, 总损失: 0.012468, PDE损失: 0.003017467639957821, 数据损失: 0.021918884511770948, LR: 8.1e-05
迭代 711/10001, 总损失: 0.012390, PDE损失: 0.0035852231625800152, 数据损失: 0.02119499497625622, LR: 8.1e-05
迭代 712/10001, 总损失: 0.012810, PDE损失: 0.003570518629636527, 数据损失: 0.022049770030813914, LR: 8.1e-05
迭代 713/10001, 总损失: 0.011932, PDE损失: 0.0031051796201306083, 数据损失: 0.020759661792821828, LR: 8.1e-05
迭代 714/10001, 总损失: 0.012164, PDE损失: 0.00306470891518984, 数据损失: 0.021264039941819475, LR: 8.1e-05
迭代 715/10001, 总损失: 0.011795, PDE损失: 0.003121178338049157, 数据损失: 0.020468756944562, LR: 8.1e-05
迭代 716/10001, 总损失: 0.012895, PDE损失: 0.003095704073313668, 数据损失: 0.02269421129243537, LR: 8.1e-05
迭代 717/10001, 总损失: 0.012230, PDE损失: 0.003400743341661014, 数据损失: 0.021060038887385633, LR: 8.1e-05
迭代 718/10001, 总损失: 0.013136, PDE损失: 0.004004960287905608, 数据损失: 0.022266450836988434, LR: 8.1e-05
迭代 719/10001, 总损失: 0.012155, PDE损失: 0.003389667023189499, 数据损失: 0.020920683158605936, LR: 8.1e-05
迭代 720/10001, 总损失: 0.014568, PDE损失: 0.002783121024202999, 数据损失: 0.026352596408244045, LR: 8.1e-05
迭代 721/10001, 总损失: 0.011918, PDE损失: 0.003050841120143776, 数据损失: 0.020785377169626633, LR: 8.1e-05
迭代 722/10001, 总损失: 0.012540, PDE损失: 0.002916393279086887, 数据损失: 0.022164601128592733, LR: 8.1e-05
迭代 723/10001, 总损失: 0.012141, PDE损失: 0.0033434142713390643, 数据损失: 0.02093859776643859, LR: 8.1e-05
迭代 724/10001, 总损失: 0.014065, PDE损失: 0.003810383315015185, 数据损失: 0.024320413408401822, LR: 8.1e-05
迭代 725/10001, 总损失: 0.012223, PDE损失: 0.003408245793599192, 数据损失: 0.021038552219535978, LR: 8.1e-05
迭代 726/10001, 总损失: 0.012873, PDE损失: 0.003286153934563377, 数据损失: 0.022460430788452782, LR: 8.1e-05
迭代 727/10001, 总损失: 0.011999, PDE损失: 0.0032666054439254195, 数据损失: 0.020732030388899148, LR: 8.1e-05
迭代 728/10001, 总损失: 0.012446, PDE损失: 0.002992163336741561, 数据损失: 0.021900093160747064, LR: 8.1e-05
迭代 729/10001, 总损失: 0.012229, PDE损失: 0.0034035213047034284, 数据损失: 0.021055182400492152, LR: 8.1e-05
迭代 730/10001, 总损失: 0.012612, PDE损失: 0.003072187879643891, 数据损失: 0.022152402094520983, LR: 8.1e-05
迭代 731/10001, 总损失: 0.012038, PDE损失: 0.0032211897251684042, 数据损失: 0.020854416001211143, LR: 8.1e-05
迭代 732/10001, 总损失: 0.013242, PDE损失: 0.0033351658639730886, 数据损失: 0.023149446351453662, LR: 8.1e-05
迭代 733/10001, 总损失: 0.011876, PDE损失: 0.003076822659793487, 数据损失: 0.02067572867963463, LR: 8.1e-05
迭代 734/10001, 总损失: 0.012416, PDE损失: 0.003019557480001822, 数据损失: 0.021812326712755577, LR: 8.1e-05
迭代 735/10001, 总损失: 0.012054, PDE损失: 0.0031473358297565333, 数据损失: 0.02096056742205595, LR: 8.1e-05
迭代 736/10001, 总损失: 0.011520, PDE损失: 0.002725876059100431, 数据损失: 0.020313490453797083, LR: 8.1e-05
迭代 737/10001, 总损失: 0.014512, PDE损失: 0.005960099925037606, 数据损失: 0.02306473763504376, LR: 8.1e-05
迭代 738/10001, 总损失: 0.015345, PDE损失: 0.0058478876883219484, 数据损失: 0.02484273877815299, LR: 8.1e-05
迭代 739/10001, 总损失: 0.011673, PDE损失: 0.0030601964362653063, 数据损失: 0.020285231790261433, LR: 8.1e-05
迭代 740/10001, 总损失: 0.012339, PDE损失: 0.0031191485745477535, 数据损失: 0.021558368614586515, LR: 8.1e-05
迭代 741/10001, 总损失: 0.011635, PDE损失: 0.0028115056141229744, 数据损失: 0.020458024050596924, LR: 8.1e-05
迭代 742/10001, 总损失: 0.012886, PDE损失: 0.0030396530838472592, 数据损失: 0.022731793539909024, LR: 8.1e-05
迭代 743/10001, 总损失: 0.011763, PDE损失: 0.0030385265809378496, 数据损失: 0.02048713034517797, LR: 8.1e-05
迭代 744/10001, 总损失: 0.012728, PDE损失: 0.003071744880539232, 数据损失: 0.02238508188609211, LR: 8.1e-05
迭代 745/10001, 总损失: 0.012071, PDE损失: 0.0031834669983557737, 数据损失: 0.020957704852446028, LR: 8.1e-05
迭代 746/10001, 总损失: 0.011918, PDE损失: 0.002911211114787009, 数据损失: 0.020924235073228676, LR: 8.1e-05
迭代 747/10001, 总损失: 0.011813, PDE损失: 0.0031081867089683543, 数据损失: 0.020518642761522814, LR: 8.1e-05
迭代 748/10001, 总损失: 0.012440, PDE损失: 0.0028659469008700746, 数据损失: 0.022013782836785095, LR: 8.1e-05
迭代 749/10001, 总损失: 0.011919, PDE损失: 0.0030857374340051875, 数据损失: 0.02075315680953541, LR: 8.1e-05
迭代 750/10001, 总损失: 0.012941, PDE损失: 0.0030779815895671378, 数据损失: 0.0228038543303098, LR: 8.1e-05
============================================================
模型预测性能指标汇总：valid_without_fine_tune
============================================================

【实部】
MSE: 0.104761
MAE: 0.814398
R²:  0.989025

【虚部】
MSE: 0.102700
MAE: 0.804011
R²:  0.989452
============================================================
模型预测性能指标汇总：train
============================================================

【实部】
MSE: 0.128841
MAE: 0.855849
R²:  0.983400

【虚部】
MSE: 0.125108
MAE: 0.818863
R²:  0.984344
============================================================
模型预测性能指标汇总：Marmousi
============================================================

【实部】
MSE: 0.160349
MAE: 0.768467
R²:  0.974287

【虚部】
MSE: 0.163317
MAE: 0.783063
R²:  0.973326
迭代 751/10001, 总损失: 0.012297, PDE损失: 0.0034102129492176963, 数据损失: 0.021184036336351363, LR: 8.1e-05
迭代 752/10001, 总损失: 0.014090, PDE损失: 0.004607075256423005, 数据损失: 0.023573321140637354, LR: 8.1e-05
迭代 753/10001, 总损失: 0.012007, PDE损失: 0.0032526811216181764, 数据损失: 0.02076223327146311, LR: 8.1e-05
迭代 754/10001, 总损失: 0.012838, PDE损失: 0.0030927785306370686, 数据损失: 0.022582965625804804, LR: 8.1e-05
迭代 755/10001, 总损失: 0.011838, PDE损失: 0.003077092592970335, 数据损失: 0.020599459236975582, LR: 8.1e-05
迭代 756/10001, 总损失: 0.013169, PDE损失: 0.003588469475202839, 数据损失: 0.0227491364681295, LR: 8.1e-05
迭代 757/10001, 总损失: 0.011967, PDE损失: 0.0033127037209591697, 数据损失: 0.020621141831811872, LR: 8.1e-05
迭代 758/10001, 总损失: 0.011921, PDE损失: 0.002749780111203325, 数据损失: 0.021092510771095044, LR: 8.1e-05
迭代 759/10001, 总损失: 0.011706, PDE损失: 0.0031596509555432326, 数据损失: 0.02025225519346783, LR: 8.1e-05
迭代 760/10001, 总损失: 0.012870, PDE损失: 0.0032551642458808296, 数据损失: 0.022484722441904956, LR: 8.1e-05
迭代 761/10001, 总损失: 0.012318, PDE损失: 0.0034204940346258114, 数据损失: 0.0212163974314795, LR: 8.1e-05
迭代 762/10001, 总损失: 0.013366, PDE损失: 0.003018572048555749, 数据损失: 0.02371260936238936, LR: 8.1e-05
迭代 763/10001, 总损失: 0.011583, PDE损失: 0.0029772643444760305, 数据损失: 0.0201879870978051, LR: 8.1e-05
迭代 764/10001, 总损失: 0.012212, PDE损失: 0.002827518572476471, 数据损失: 0.02159640977125881, LR: 8.1e-05
迭代 765/10001, 总损失: 0.012004, PDE损失: 0.0031870658373615393, 数据损失: 0.020820550637186637, LR: 8.1e-05
迭代 766/10001, 总损失: 0.012326, PDE损失: 0.0027999107925487416, 数据损失: 0.021851600086804302, LR: 8.1e-05
迭代 767/10001, 总损失: 0.011605, PDE损失: 0.0031558518496153523, 数据损失: 0.020055018018908976, LR: 8.1e-05
迭代 768/10001, 总损失: 0.013050, PDE损失: 0.0037431894694843018, 数据损失: 0.02235680450463579, LR: 7.290000000000001e-05
迭代 769/10001, 总损失: 0.011385, PDE损失: 0.002918644128450459, 数据损失: 0.019850886180176445, LR: 7.290000000000001e-05
迭代 770/10001, 总损失: 0.011699, PDE损失: 0.002729071616375309, 数据损失: 0.0206685241372768, LR: 7.290000000000001e-05
迭代 771/10001, 总损失: 0.011581, PDE损失: 0.0029914075989619874, 数据损失: 0.020170614683246685, LR: 7.290000000000001e-05
迭代 772/10001, 总损失: 0.012199, PDE损失: 0.002797659572457806, 数据损失: 0.021599775889799708, LR: 7.290000000000001e-05
